2025-07-24 03:09:43,730 [INFO] 心跳已发送，状态 200
2025-07-24 03:09:44,377 [INFO] 退出程序
2025-07-24 03:09:47,396 [INFO] 心跳已发送，状态 200
2025-07-24 03:10:01,030 [INFO] 退出程序
2025-07-24 03:10:05,906 [INFO] 心跳已发送，状态 200
2025-07-24 03:10:21,150 [INFO] 心跳已发送，状态 200
2025-07-24 03:10:36,413 [INFO] 心跳已发送，状态 200
2025-07-24 03:10:51,623 [INFO] 心跳已发送，状态 200
2025-07-24 03:11:06,883 [INFO] 心跳已发送，状态 200
2025-07-24 03:11:22,126 [INFO] 心跳已发送，状态 200
2025-07-24 03:11:37,361 [INFO] 心跳已发送，状态 200
2025-07-24 03:11:40,421 [INFO] 退出程序
2025-07-24 03:11:44,468 [INFO] 心跳已发送，状态 200
2025-07-24 03:11:44,468 [INFO] 已将心跳间隔设置为 15 秒
2025-07-24 03:11:58,146 [INFO] 心跳已发送，状态 200
2025-07-24 03:11:58,146 [INFO] 已将心跳间隔设置为 15 秒
2025-07-24 03:12:13,711 [INFO] 心跳已发送，状态 200
2025-07-24 03:12:28,957 [INFO] 心跳已发送，状态 200
2025-07-24 03:12:44,225 [INFO] 心跳已发送，状态 200
2025-07-24 03:12:59,479 [INFO] 心跳已发送，状态 200
2025-07-24 03:13:14,719 [INFO] 心跳已发送，状态 200
2025-07-24 03:13:29,953 [INFO] 心跳已发送，状态 200
2025-07-24 03:13:45,183 [INFO] 心跳已发送，状态 200
2025-07-24 03:14:00,475 [INFO] 心跳已发送，状态 200
2025-07-24 03:14:00,739 [INFO] 退出程序
2025-07-24 03:14:05,666 [INFO] 心跳已发送，状态 200
2025-07-24 03:14:05,667 [INFO] 已将心跳间隔设置为 15 秒
2025-07-24 03:14:17,749 [WARNING] 退出失败：密码错误
2025-07-24 03:14:20,918 [INFO] 心跳已发送，状态 200
2025-07-24 03:14:36,148 [INFO] 心跳已发送，状态 200
2025-07-24 03:14:37,044 [WARNING] 退出失败：密码错误
2025-07-24 03:14:51,401 [INFO] 心跳已发送，状态 200
2025-07-24 03:14:53,978 [WARNING] 退出失败：密码错误
2025-07-24 03:15:06,627 [INFO] 心跳已发送，状态 200
2025-07-24 03:15:21,861 [INFO] 心跳已发送，状态 200
2025-07-24 03:15:37,175 [INFO] 心跳已发送，状态 200
2025-07-24 03:15:40,233 [INFO] 心跳已发送，状态 200
2025-07-24 03:15:40,233 [INFO] 已将心跳间隔设置为 15 秒
2025-07-24 03:16:20,464 [INFO] 心跳已发送，状态 200
2025-07-24 03:16:20,464 [INFO] 已将心跳间隔设置为 15 秒
2025-07-24 03:16:29,180 [INFO] 退出程序
2025-07-24 03:18:09,829 [INFO] 心跳已发送，状态 200
2025-07-24 03:18:09,830 [INFO] 已将心跳间隔设置为 15 秒
2025-07-24 03:18:25,069 [INFO] 心跳已发送，状态 200
2025-07-24 03:18:40,362 [INFO] 心跳已发送，状态 200
2025-07-24 03:18:55,668 [INFO] 心跳已发送，状态 200
2025-07-24 03:19:10,928 [INFO] 心跳已发送，状态 200
2025-07-24 03:19:26,209 [INFO] 心跳已发送，状态 200
2025-07-24 03:19:31,497 [INFO] 心跳已发送，状态 200
2025-07-24 03:19:31,498 [INFO] 已将心跳间隔设置为 15 秒
2025-07-24 03:19:41,431 [INFO] 心跳已发送，状态 200
2025-07-24 03:19:41,432 [INFO] 已将心跳间隔设置为 10 秒
2025-07-24 03:19:47,651 [INFO] 弹出当前状态窗口
2025-07-24 03:19:51,805 [INFO] 心跳已发送，状态 200
2025-07-24 03:19:53,371 [INFO] 心跳已发送，状态 200
2025-07-24 03:19:53,371 [INFO] 已将心跳间隔设置为 15 秒
2025-07-24 03:20:09,037 [INFO] 心跳已发送，状态 200
2025-07-24 03:20:24,285 [INFO] 心跳已发送，状态 200
2025-07-24 03:20:39,519 [INFO] 心跳已发送，状态 200
2025-07-24 03:20:54,772 [INFO] 心跳已发送，状态 200
2025-07-24 03:21:10,042 [INFO] 心跳已发送，状态 200
2025-07-24 03:21:25,314 [INFO] 心跳已发送，状态 200
2025-07-24 03:21:40,570 [INFO] 心跳已发送，状态 200
2025-07-24 03:21:55,820 [INFO] 心跳已发送，状态 200
2025-07-24 03:22:11,043 [INFO] 心跳已发送，状态 200
2025-07-24 03:22:26,251 [INFO] 心跳已发送，状态 200
2025-07-24 03:22:41,483 [INFO] 心跳已发送，状态 200
2025-07-24 03:22:56,740 [INFO] 心跳已发送，状态 200
2025-07-24 03:23:11,982 [INFO] 心跳已发送，状态 200
2025-07-24 03:23:27,264 [INFO] 心跳已发送，状态 200
2025-07-24 03:23:42,475 [INFO] 心跳已发送，状态 200
2025-07-24 03:23:57,741 [INFO] 心跳已发送，状态 200
2025-07-24 03:24:12,978 [INFO] 心跳已发送，状态 200
2025-07-24 03:24:14,191 [ERROR] An error occurred in the main loop
Traceback (most recent call last):
  File "D:\pythonProject\pythonProject1\nhdz_alarm\venv\Lib\site-packages\pystray\_win32.py", line 147, in _mainloop
    r = win32.GetMessage(lpmsg, None, 0, 0)
        ^^^^^^^^^^^^^^^^^^^^^^^^^^^^^^^^^^^
KeyboardInterrupt
2025-07-24 10:04:35,954 [INFO] 首次激活失败，心跳已暂停
2025-07-24 10:04:35,955 [INFO] 心跳间隔 15s
2025-07-24 10:07:17,559 [INFO] 首次激活失败，心跳已暂停
2025-07-24 10:07:17,560 [INFO] 心跳间隔 15s
2025-07-24 10:11:43,351 [INFO] 授权 失败，已暂停心跳
2025-07-24 10:11:43,351 [INFO] 心跳间隔已设置为 15 秒
2025-07-24 10:15:49,261 [INFO] 授权文件已写入：C:\Users\32182\AppData\Roaming\Heartbeat\heartbeat_license.json
2025-07-24 10:15:50,666 [INFO] 授权失败，已暂停心跳
2025-07-24 10:15:50,666 [INFO] 心跳间隔已设置为 15 秒
2025-07-24 11:39:56,264 [INFO] 授权失败，已暂停心跳
2025-07-24 11:39:56,265 [INFO] 心跳间隔已设置为 15 秒
2025-07-24 11:40:48,379 [INFO] 授权失败，已暂停心跳
2025-07-24 11:40:48,380 [INFO] 心跳间隔已设置为 15 秒
2025-07-24 11:41:09,881 [INFO] 授权失败，已暂停心跳
2025-07-24 11:41:09,881 [INFO] 心跳间隔已设置为 15 秒
2025-07-24 11:42:49,878 [INFO] 授权失败，已暂停心跳
2025-07-24 11:42:49,879 [INFO] 心跳间隔已设置为 15 秒
2025-07-24 11:43:10,092 [INFO] 授权失败，已暂停心跳
2025-07-24 11:43:10,092 [INFO] 心跳间隔已设置为 15 秒
2025-07-24 11:43:32,720 [INFO] 授权失败，已暂停心跳
2025-07-24 11:43:32,720 [INFO] 心跳间隔已设置为 15 秒
2025-07-24 11:44:59,549 [ERROR] validate_remote 异常：HTTPConnectionPool(host='localhost', port=38519): Max retries exceeded with url: /ajax/heartbeatHandler.ashx (Caused by NewConnectionError('<urllib3.connection.HTTPConnection object at 0x000002D8FA2BA610>: Failed to establish a new connection: [WinError 10061] 由于目标计算机积极拒绝，无法连接。'))
2025-07-24 11:44:59,549 [INFO] 授权失败，已暂停心跳
2025-07-24 11:44:59,550 [INFO] 心跳间隔已设置为 15 秒
2025-07-24 11:45:20,943 [ERROR] An error occurred in the main loop
Traceback (most recent call last):
  File "D:\pythonProject\pythonProject1\nhdz_alarm\venv\Lib\site-packages\pystray\_win32.py", line 147, in _mainloop
    r = win32.GetMessage(lpmsg, None, 0, 0)
        ^^^^^^^^^^^^^^^^^^^^^^^^^^^^^^^^^^^
KeyboardInterrupt
2025-07-24 11:45:46,168 [ERROR] validate_remote 异常：HTTPConnectionPool(host='localhost', port=38519): Max retries exceeded with url: /ajax/heartbeatHandler.ashx (Caused by NewConnectionError('<urllib3.connection.HTTPConnection object at 0x0000024F5104A390>: Failed to establish a new connection: [WinError 10061] 由于目标计算机积极拒绝，无法连接。'))
2025-07-24 11:45:46,169 [INFO] 授权失败，已暂停心跳
2025-07-24 11:45:46,170 [INFO] 心跳间隔已设置为 15 秒
2025-07-24 11:46:30,693 [ERROR] validate_remote 异常：HTTPConnectionPool(host='localhost', port=38519): Read timed out. (read timeout=5)
2025-07-24 11:46:30,693 [INFO] 授权失败，已暂停心跳
2025-07-24 11:46:30,694 [INFO] 心跳间隔已设置为 15 秒
2025-07-24 11:46:56,093 [ERROR] validate_remote 异常：HTTPConnectionPool(host='localhost', port=38519): Read timed out. (read timeout=5)
2025-07-24 11:46:56,094 [INFO] 授权失败，已暂停心跳
2025-07-24 11:46:56,094 [INFO] 心跳间隔已设置为 15 秒
2025-07-24 11:53:12,783 [ERROR] An error occurred in the main loop
Traceback (most recent call last):
  File "D:\pythonProject\pythonProject1\nhdz_alarm\venv\Lib\site-packages\pystray\_win32.py", line 147, in _mainloop
    r = win32.GetMessage(lpmsg, None, 0, 0)
        ^^^^^^^^^^^^^^^^^^^^^^^^^^^^^^^^^^^
KeyboardInterrupt
2025-07-24 11:53:37,116 [INFO] 本地 CPU 已写入：C:\Users\32182\AppData\Roaming\Heartbeat\heartbeat_cpu.json
2025-07-24 11:53:37,195 [INFO] 授权通过
2025-07-24 11:53:37,248 [INFO] 心跳已发送，200 OK
2025-07-24 11:53:37,248 [INFO] 心跳间隔已设置为 15 秒
2025-07-24 11:53:52,324 [INFO] 心跳已发送，200 OK
2025-07-24 11:54:07,402 [INFO] 心跳已发送，200 OK
2025-07-24 11:54:22,476 [INFO] 心跳已发送，200 OK
2025-07-24 11:54:37,572 [INFO] 心跳已发送，200 OK
2025-07-24 11:54:48,447 [INFO] 授权失败，已暂停心跳
2025-07-24 11:54:48,447 [INFO] 心跳间隔已设置为 15 秒
2025-07-24 11:59:43,375 [INFO] 授权失败，已暂停心跳
2025-07-24 11:59:43,376 [INFO] 心跳间隔已设置为 15 秒
2025-07-24 12:00:00,568 [WARNING] 每日授权验证失败，已暂停心跳
2025-07-24 12:00:03,571 [INFO] 授权重试第 1 次…
2025-07-24 12:00:20,667 [INFO] 授权重试第 2 次…
2025-07-24 12:00:20,723 [INFO] 重试激活成功，恢复心跳
2025-07-24 12:00:28,794 [INFO] 心跳已发送，200 OK
2025-07-24 12:00:43,865 [INFO] 心跳已发送，200 OK
2025-07-24 12:00:58,938 [INFO] 心跳已发送，200 OK
2025-07-24 12:01:14,013 [INFO] 心跳已发送，200 OK
2025-07-24 12:01:29,090 [INFO] 心跳已发送，200 OK
2025-07-24 12:01:44,189 [INFO] 心跳已发送，200 OK
2025-07-24 12:01:59,251 [INFO] 心跳已发送，200 OK
2025-07-24 12:02:14,300 [INFO] 心跳已发送，200 OK
2025-07-24 12:02:29,604 [INFO] 心跳已发送，200 OK
2025-07-24 12:02:44,654 [INFO] 心跳已发送，200 OK
2025-07-24 12:02:49,163 [INFO] 授权通过
2025-07-24 12:02:49,214 [INFO] 心跳已发送，200 OK
2025-07-24 12:02:49,215 [INFO] 心跳间隔已设置为 15 秒
2025-07-24 12:03:04,300 [INFO] 心跳已发送，200 OK
2025-07-24 12:03:19,349 [INFO] 心跳已发送，200 OK
2025-07-24 12:03:30,257 [INFO] 授权通过
2025-07-24 12:03:30,314 [INFO] 心跳已发送，200 OK
2025-07-24 12:03:30,314 [INFO] 心跳间隔已设置为 15 秒
2025-07-24 12:03:45,381 [INFO] 心跳已发送，200 OK
2025-07-24 12:03:55,443 [INFO] 每日授权验证通过
2025-07-24 12:04:00,498 [INFO] 心跳已发送，200 OK
2025-07-24 12:04:15,574 [INFO] 心跳已发送，200 OK
2025-07-24 12:04:20,672 [WARNING] 每日授权验证失败，已暂停心跳
2025-07-24 12:04:40,687 [INFO] 授权重试第 1 次…
2025-07-24 12:04:45,873 [WARNING] 每日授权验证失败，已暂停心跳
2025-07-24 12:05:00,882 [INFO] 授权重试第 2 次…
2025-07-24 12:05:05,973 [INFO] 授权重试第 3 次…
2025-07-24 12:05:11,157 [WARNING] 每日授权验证失败，已暂停心跳
2025-07-24 12:05:21,166 [INFO] 授权重试第 4 次…
2025-07-24 12:05:21,227 [INFO] 重试激活成功，恢复心跳
2025-07-24 12:05:31,295 [INFO] 心跳已发送，200 OK
2025-07-24 12:05:36,331 [INFO] 每日授权验证通过
2025-07-24 12:05:46,396 [INFO] 心跳已发送，200 OK
2025-07-24 12:06:01,453 [INFO] 每日授权验证通过
2025-07-24 12:06:01,489 [INFO] 心跳已发送，200 OK
2025-07-24 12:06:16,544 [INFO] 心跳已发送，200 OK
2025-07-24 12:06:26,603 [INFO] 每日授权验证通过
2025-07-24 12:06:31,671 [INFO] 心跳已发送，200 OK
2025-07-24 12:06:46,741 [INFO] 心跳已发送，200 OK
2025-07-24 12:06:51,805 [INFO] 每日授权验证通过
2025-07-24 12:07:01,873 [INFO] 心跳已发送，200 OK
2025-07-24 12:07:15,523 [INFO] 授权通过
2025-07-24 12:07:15,567 [INFO] 心跳已发送，200 OK
2025-07-24 12:07:15,567 [INFO] 心跳间隔已设置为 15 秒
2025-07-24 12:07:30,633 [INFO] 心跳已发送，200 OK
2025-07-24 12:07:45,705 [INFO] 心跳已发送，200 OK
2025-07-24 12:08:00,770 [INFO] 心跳已发送，200 OK
2025-07-24 12:08:15,833 [INFO] 心跳已发送，200 OK
2025-07-24 12:08:30,892 [INFO] 心跳已发送，200 OK
2025-07-24 12:08:45,944 [INFO] 心跳已发送，200 OK
2025-07-24 12:09:01,021 [INFO] 心跳已发送，200 OK
2025-07-24 12:09:16,071 [INFO] 心跳已发送，200 OK
2025-07-24 12:09:31,138 [INFO] 心跳已发送，200 OK
2025-07-24 12:09:46,220 [INFO] 心跳已发送，200 OK
2025-07-24 12:10:00,281 [INFO] 每日授权验证通过
2025-07-24 12:10:01,393 [INFO] 心跳已发送，200 OK
2025-07-24 12:10:16,469 [INFO] 心跳已发送，200 OK
2025-07-24 12:10:24,532 [ERROR] An error occurred in the main loop
Traceback (most recent call last):
  File "D:\pythonProject\pythonProject1\nhdz_alarm\venv\Lib\site-packages\pystray\_win32.py", line 147, in _mainloop
    r = win32.GetMessage(lpmsg, None, 0, 0)
        ^^^^^^^^^^^^^^^^^^^^^^^^^^^^^^^^^^^
KeyboardInterrupt
2025-07-24 12:10:27,972 [INFO] 授权通过
2025-07-24 12:10:28,025 [INFO] 心跳已发送，200 OK
2025-07-24 12:10:28,025 [INFO] 心跳间隔已设置为 15 秒
2025-07-24 12:10:43,099 [INFO] 心跳已发送，200 OK
2025-07-24 12:10:58,168 [INFO] 心跳已发送，200 OK
2025-07-24 12:11:13,240 [INFO] 心跳已发送，200 OK
2025-07-24 12:11:28,302 [INFO] 心跳已发送，200 OK
2025-07-24 12:11:43,370 [INFO] 心跳已发送，200 OK
2025-07-24 12:11:57,837 [INFO] 授权失败，已暂停心跳
2025-07-24 12:11:57,837 [INFO] 心跳间隔已设置为 15 秒
2025-07-24 12:12:17,849 [INFO] 授权重试第 1 次…
2025-07-24 12:12:37,951 [INFO] 授权重试第 2 次…
2025-07-24 12:12:38,033 [INFO] 重试激活成功，恢复心跳
2025-07-24 12:12:43,102 [INFO] 心跳已发送，200 OK
2025-07-24 12:12:58,183 [INFO] 心跳已发送，200 OK
2025-07-24 12:13:13,254 [INFO] 心跳已发送，200 OK
2025-07-24 12:13:28,326 [INFO] 心跳已发送，200 OK
2025-07-24 12:13:43,384 [INFO] 心跳已发送，200 OK
2025-07-24 12:13:58,433 [INFO] 心跳已发送，200 OK
2025-07-24 12:14:13,506 [INFO] 心跳已发送，200 OK
2025-07-24 12:14:28,578 [INFO] 心跳已发送，200 OK
2025-07-24 12:14:43,648 [INFO] 心跳已发送，200 OK
2025-07-24 12:14:58,715 [INFO] 心跳已发送，200 OK
2025-07-24 12:15:13,790 [INFO] 心跳已发送，200 OK
2025-07-24 12:15:28,856 [INFO] 心跳已发送，200 OK
2025-07-24 12:15:43,927 [INFO] 心跳已发送，200 OK
2025-07-24 12:15:59,003 [INFO] 心跳已发送，200 OK
2025-07-24 12:16:14,082 [INFO] 心跳已发送，200 OK
2025-07-24 12:16:29,149 [INFO] 心跳已发送，200 OK
2025-07-24 12:16:44,204 [INFO] 心跳已发送，200 OK
2025-07-24 12:16:59,280 [INFO] 心跳已发送，200 OK
2025-07-24 12:17:14,359 [INFO] 心跳已发送，200 OK
2025-07-24 12:17:29,438 [INFO] 心跳已发送，200 OK
2025-07-24 12:17:44,513 [INFO] 心跳已发送，200 OK
2025-07-24 12:17:59,574 [INFO] 心跳已发送，200 OK
2025-07-24 12:18:14,637 [INFO] 心跳已发送，200 OK
2025-07-24 12:18:29,713 [INFO] 心跳已发送，200 OK
2025-07-24 12:18:44,786 [INFO] 心跳已发送，200 OK
2025-07-24 12:18:59,859 [INFO] 心跳已发送，200 OK
2025-07-24 12:19:14,910 [INFO] 心跳已发送，200 OK
2025-07-24 12:19:29,974 [INFO] 心跳已发送，200 OK
2025-07-24 12:19:45,047 [INFO] 心跳已发送，200 OK
2025-07-24 12:20:00,113 [INFO] 心跳已发送，200 OK
2025-07-24 12:20:15,172 [INFO] 心跳已发送，200 OK
2025-07-24 12:20:30,245 [INFO] 心跳已发送，200 OK
2025-07-24 12:20:45,324 [INFO] 心跳已发送，200 OK
2025-07-24 12:21:00,400 [INFO] 心跳已发送，200 OK
2025-07-24 12:21:15,475 [INFO] 心跳已发送，200 OK
2025-07-24 12:21:30,555 [INFO] 心跳已发送，200 OK
2025-07-24 12:21:45,613 [INFO] 心跳已发送，200 OK
2025-07-24 12:22:00,682 [INFO] 心跳已发送，200 OK
2025-07-24 12:22:15,758 [INFO] 心跳已发送，200 OK
2025-07-24 12:22:30,843 [INFO] 心跳已发送，200 OK
2025-07-24 12:22:45,904 [INFO] 心跳已发送，200 OK
2025-07-24 12:23:00,953 [INFO] 心跳已发送，200 OK
2025-07-24 12:23:16,020 [INFO] 心跳已发送，200 OK
2025-07-24 12:23:31,111 [INFO] 心跳已发送，200 OK
2025-07-24 12:23:46,183 [INFO] 心跳已发送，200 OK
2025-07-24 12:24:01,253 [INFO] 心跳已发送，200 OK
2025-07-24 12:24:09,930 [INFO] 授权通过
2025-07-24 12:24:09,969 [INFO] 心跳已发送，200 OK
2025-07-24 12:24:09,970 [INFO] 心跳间隔已设置为 15 秒
2025-07-24 12:24:25,056 [INFO] 心跳已发送，200 OK
2025-07-24 12:24:40,135 [INFO] 心跳已发送，200 OK
2025-07-24 12:24:55,203 [INFO] 心跳已发送，200 OK
2025-07-24 12:25:10,270 [INFO] 心跳已发送，200 OK
2025-07-24 12:25:25,336 [INFO] 心跳已发送，200 OK
2025-07-24 12:25:40,406 [INFO] 心跳已发送，200 OK
2025-07-24 12:25:55,480 [INFO] 心跳已发送，200 OK
2025-07-24 12:26:10,543 [INFO] 心跳已发送，200 OK
2025-07-24 12:26:25,610 [INFO] 心跳已发送，200 OK
2025-07-24 12:26:40,664 [INFO] 心跳已发送，200 OK
2025-07-24 12:26:55,739 [INFO] 心跳已发送，200 OK
2025-07-24 12:27:10,797 [INFO] 心跳已发送，200 OK
2025-07-24 12:27:25,878 [INFO] 心跳已发送，200 OK
2025-07-24 12:27:40,945 [INFO] 心跳已发送，200 OK
2025-07-24 12:27:56,011 [INFO] 心跳已发送，200 OK
2025-07-24 12:28:11,085 [INFO] 心跳已发送，200 OK
2025-07-24 12:28:26,163 [INFO] 心跳已发送，200 OK
2025-07-24 12:28:41,230 [INFO] 心跳已发送，200 OK
2025-07-24 12:28:56,303 [INFO] 心跳已发送，200 OK
2025-07-24 12:29:11,387 [INFO] 心跳已发送，200 OK
2025-07-24 12:29:26,439 [INFO] 心跳已发送，200 OK
2025-07-24 12:29:41,510 [INFO] 心跳已发送，200 OK
2025-07-24 12:29:56,583 [INFO] 心跳已发送，200 OK
2025-07-24 12:30:11,649 [INFO] 心跳已发送，200 OK
2025-07-24 12:30:26,711 [INFO] 心跳已发送，200 OK
2025-07-24 12:30:41,784 [INFO] 心跳已发送，200 OK
2025-07-24 12:30:56,856 [INFO] 心跳已发送，200 OK
2025-07-24 12:31:11,928 [INFO] 心跳已发送，200 OK
2025-07-24 12:31:27,018 [INFO] 心跳已发送，200 OK
2025-07-24 12:31:42,087 [INFO] 心跳已发送，200 OK
2025-07-24 12:31:57,152 [INFO] 心跳已发送，200 OK
2025-07-24 12:32:12,224 [INFO] 心跳已发送，200 OK
2025-07-24 12:32:27,281 [INFO] 心跳已发送，200 OK
2025-07-24 12:32:42,359 [INFO] 心跳已发送，200 OK
2025-07-24 12:32:57,420 [INFO] 心跳已发送，200 OK
2025-07-24 12:33:12,500 [INFO] 心跳已发送，200 OK
2025-07-24 12:33:27,589 [INFO] 心跳已发送，200 OK
2025-07-24 12:33:42,665 [INFO] 心跳已发送，200 OK
2025-07-24 12:33:57,729 [INFO] 心跳已发送，200 OK
2025-07-24 12:34:12,801 [INFO] 心跳已发送，200 OK
2025-07-24 12:34:27,860 [INFO] 心跳已发送，200 OK
2025-07-24 12:34:42,941 [INFO] 心跳已发送，200 OK
2025-07-24 12:34:58,002 [INFO] 心跳已发送，200 OK
2025-07-24 12:35:13,073 [INFO] 心跳已发送，200 OK
2025-07-24 12:35:28,144 [INFO] 心跳已发送，200 OK
2025-07-24 12:35:43,207 [INFO] 心跳已发送，200 OK
2025-07-24 12:35:58,292 [INFO] 心跳已发送，200 OK
2025-07-24 12:36:13,377 [INFO] 心跳已发送，200 OK
2025-07-24 12:36:28,444 [INFO] 心跳已发送，200 OK
2025-07-24 12:36:43,519 [INFO] 心跳已发送，200 OK
2025-07-24 12:36:58,583 [INFO] 心跳已发送，200 OK
2025-07-24 12:37:13,652 [INFO] 心跳已发送，200 OK
2025-07-24 12:37:28,707 [INFO] 心跳已发送，200 OK
2025-07-24 12:37:43,763 [INFO] 心跳已发送，200 OK
2025-07-24 12:37:58,838 [INFO] 心跳已发送，200 OK
2025-07-24 12:38:13,902 [INFO] 心跳已发送，200 OK
2025-07-24 12:38:28,974 [INFO] 心跳已发送，200 OK
2025-07-24 12:38:44,045 [INFO] 心跳已发送，200 OK
2025-07-24 12:38:59,105 [INFO] 心跳已发送，200 OK
2025-07-24 12:39:14,173 [INFO] 心跳已发送，200 OK
2025-07-24 12:39:29,254 [INFO] 心跳已发送，200 OK
2025-07-24 12:39:44,330 [INFO] 心跳已发送，200 OK
2025-07-24 12:39:59,405 [INFO] 心跳已发送，200 OK
2025-07-24 12:40:14,470 [INFO] 心跳已发送，200 OK
2025-07-24 12:40:29,548 [INFO] 心跳已发送，200 OK
2025-07-24 12:40:44,616 [INFO] 心跳已发送，200 OK
2025-07-24 12:40:59,690 [INFO] 心跳已发送，200 OK
2025-07-24 12:41:14,759 [INFO] 心跳已发送，200 OK
2025-07-24 12:41:29,824 [INFO] 心跳已发送，200 OK
2025-07-24 12:41:44,898 [INFO] 心跳已发送，200 OK
2025-07-24 12:41:59,967 [INFO] 心跳已发送，200 OK
2025-07-24 12:42:15,028 [INFO] 心跳已发送，200 OK
2025-07-24 12:42:30,094 [INFO] 心跳已发送，200 OK
2025-07-24 12:42:45,147 [INFO] 心跳已发送，200 OK
2025-07-24 12:42:52,533 [INFO] 授权通过
2025-07-24 12:42:52,570 [INFO] 心跳已发送，200 OK
2025-07-24 12:42:52,571 [INFO] 心跳间隔已设置为 15 秒
2025-07-24 12:43:07,626 [INFO] 心跳已发送，200 OK
2025-07-24 12:43:22,698 [INFO] 心跳已发送，200 OK
2025-07-24 12:43:37,745 [INFO] 心跳已发送，200 OK
2025-07-24 12:43:52,822 [INFO] 心跳已发送，200 OK
2025-07-24 12:44:07,882 [INFO] 心跳已发送，200 OK
2025-07-24 12:44:22,960 [INFO] 心跳已发送，200 OK
2025-07-24 12:44:38,031 [INFO] 心跳已发送，200 OK
2025-07-24 12:44:53,103 [INFO] 心跳已发送，200 OK
2025-07-24 12:45:08,176 [INFO] 心跳已发送，200 OK
2025-07-24 12:45:23,254 [INFO] 心跳已发送，200 OK
2025-07-24 12:45:38,328 [INFO] 心跳已发送，200 OK
2025-07-24 12:45:53,386 [INFO] 心跳已发送，200 OK
2025-07-24 12:46:08,463 [INFO] 心跳已发送，200 OK
2025-07-24 12:46:23,527 [INFO] 心跳已发送，200 OK
2025-07-24 12:46:38,591 [INFO] 心跳已发送，200 OK
2025-07-24 12:46:53,666 [INFO] 心跳已发送，200 OK
2025-07-24 12:47:08,721 [INFO] 心跳已发送，200 OK
2025-07-24 12:47:23,787 [INFO] 心跳已发送，200 OK
2025-07-24 12:47:38,851 [INFO] 心跳已发送，200 OK
2025-07-24 12:47:53,913 [INFO] 心跳已发送，200 OK
2025-07-24 12:48:08,984 [INFO] 心跳已发送，200 OK
2025-07-24 12:48:24,049 [INFO] 心跳已发送，200 OK
2025-07-24 12:48:39,112 [INFO] 心跳已发送，200 OK
2025-07-24 12:48:54,172 [INFO] 心跳已发送，200 OK
2025-07-24 12:49:09,242 [INFO] 心跳已发送，200 OK
2025-07-24 12:49:24,324 [INFO] 心跳已发送，200 OK
2025-07-24 12:49:39,399 [INFO] 心跳已发送，200 OK
2025-07-24 12:49:54,473 [INFO] 心跳已发送，200 OK
2025-07-24 12:50:09,524 [INFO] 心跳已发送，200 OK
2025-07-24 12:50:24,598 [INFO] 心跳已发送，200 OK
2025-07-24 12:50:39,654 [INFO] 心跳已发送，200 OK
2025-07-24 12:50:54,782 [INFO] 心跳已发送，200 OK
2025-07-24 12:51:07,162 [INFO] 授权失败，已暂停心跳
2025-07-24 12:51:07,162 [INFO] 心跳间隔已设置为 15 秒
2025-07-24 12:51:27,177 [INFO] 授权重试第 1 次…
2025-07-24 12:51:27,179 [INFO] 本地 CPU 已写入：C:\Users\32182\AppData\Roaming\Heartbeat\heartbeat_cpu.json
2025-07-24 12:51:27,265 [INFO] 已设置 CLIENT_ID = e600856ff0e7498c81de69a267bbbcb9
2025-07-24 12:51:27,266 [INFO] 重试激活成功，恢复心跳
2025-07-24 12:51:37,335 [INFO] 心跳已发送，200 OK
2025-07-24 12:51:52,397 [INFO] 心跳已发送，200 OK
2025-07-24 12:52:07,466 [INFO] 心跳已发送，200 OK
2025-07-24 12:52:22,531 [INFO] 心跳已发送，200 OK
2025-07-24 12:52:37,585 [INFO] 心跳已发送，200 OK
2025-07-24 12:52:52,662 [INFO] 心跳已发送，200 OK
2025-07-24 12:53:07,714 [INFO] 心跳已发送，200 OK
2025-07-24 12:53:22,784 [INFO] 心跳已发送，200 OK
2025-07-24 12:53:37,846 [INFO] 心跳已发送，200 OK
2025-07-24 12:53:52,913 [INFO] 心跳已发送，200 OK
2025-07-24 12:54:07,962 [INFO] 心跳已发送，200 OK
2025-07-24 12:54:23,027 [INFO] 心跳已发送，200 OK
2025-07-24 12:54:38,081 [INFO] 心跳已发送，200 OK
2025-07-24 12:54:53,152 [INFO] 心跳已发送，200 OK
2025-07-24 12:55:08,201 [INFO] 心跳已发送，200 OK
2025-07-24 12:55:23,258 [INFO] 心跳已发送，200 OK
2025-07-24 12:55:38,335 [INFO] 心跳已发送，200 OK
2025-07-24 12:55:53,415 [INFO] 心跳已发送，200 OK
2025-07-24 12:56:08,483 [INFO] 心跳已发送，200 OK
2025-07-24 12:56:23,542 [INFO] 心跳已发送，200 OK
2025-07-24 12:56:38,613 [INFO] 心跳已发送，200 OK
2025-07-24 12:56:53,424 [INFO] 授权失败，已暂停心跳
2025-07-24 12:56:53,425 [INFO] 心跳间隔已设置为 15 秒
2025-07-24 12:57:13,439 [INFO] 授权重试第 1 次…
2025-07-24 12:57:13,542 [INFO] 已设置 CLIENT_ID = e600856ff0e7498c81de69a267bbbcb9
2025-07-24 12:57:13,543 [INFO] 重试激活成功，恢复心跳
2025-07-24 12:57:23,598 [INFO] 心跳已发送，200 OK
2025-07-24 12:57:38,671 [INFO] 心跳已发送，200 OK
2025-07-24 12:57:53,716 [INFO] 心跳已发送，200 OK
2025-07-24 12:58:08,807 [INFO] 心跳已发送，200 OK
2025-07-24 12:58:23,865 [INFO] 心跳已发送，200 OK
2025-07-24 12:58:38,989 [INFO] 心跳已发送，200 OK
2025-07-24 12:58:54,064 [INFO] 心跳已发送，200 OK
2025-07-24 12:59:09,130 [INFO] 心跳已发送，200 OK
2025-07-24 12:59:24,204 [INFO] 心跳已发送，200 OK
2025-07-24 12:59:31,444 [INFO] 使用本地缓存 CPU 序列：105fadc8e816
2025-07-24 12:59:31,444 [INFO] 授权失败，已暂停心跳
2025-07-24 12:59:31,445 [INFO] 心跳间隔已设置为 15 秒
2025-07-24 12:59:51,460 [INFO] 授权重试第 1 次…
2025-07-24 12:59:51,462 [INFO] 使用本地缓存 CPU 序列：105fadc8e816
2025-07-24 12:59:51,580 [INFO] 已设置 CLIENT_ID = e600856ff0e7498c81de69a267bbbcb9
2025-07-24 12:59:51,580 [INFO] 重试激活成功，恢复心跳
2025-07-24 13:00:01,641 [INFO] 心跳已发送，200 OK
2025-07-24 13:00:16,710 [INFO] 心跳已发送，200 OK
2025-07-24 13:00:34,650 [INFO] 通过 WMI 获取 CPU 序列：BFEBFBFF000906EA
2025-07-24 13:00:34,725 [INFO] 授权通过
2025-07-24 13:00:34,725 [INFO] 已设置 CLIENT_ID = my-windows-client-001
2025-07-24 13:00:34,779 [INFO] 心跳已发送，200 OK
2025-07-24 13:00:34,779 [INFO] 心跳间隔已设置为 15 秒
2025-07-24 13:00:49,842 [INFO] 心跳已发送，200 OK
2025-07-24 13:01:04,911 [INFO] 心跳已发送，200 OK
2025-07-24 13:01:19,979 [INFO] 心跳已发送，200 OK
2025-07-24 13:01:35,042 [INFO] 心跳已发送，200 OK
2025-07-24 13:01:50,115 [INFO] 心跳已发送，200 OK
2025-07-24 13:02:05,187 [INFO] 心跳已发送，200 OK
2025-07-24 13:02:20,256 [INFO] 心跳已发送，200 OK
2025-07-24 13:02:35,336 [INFO] 心跳已发送，200 OK
2025-07-24 13:02:50,405 [INFO] 心跳已发送，200 OK
2025-07-24 13:03:05,497 [INFO] 心跳已发送，200 OK
2025-07-24 13:03:20,569 [INFO] 心跳已发送，200 OK
2025-07-24 13:03:35,618 [INFO] 心跳已发送，200 OK
2025-07-24 13:03:50,684 [INFO] 心跳已发送，200 OK
2025-07-24 13:04:05,751 [INFO] 心跳已发送，200 OK
2025-07-24 13:04:20,818 [INFO] 心跳已发送，200 OK
2025-07-24 13:04:35,884 [INFO] 心跳已发送，200 OK
2025-07-24 13:04:50,957 [INFO] 心跳已发送，200 OK
2025-07-24 13:05:06,034 [INFO] 心跳已发送，200 OK
2025-07-24 13:05:21,110 [INFO] 心跳已发送，200 OK
2025-07-24 13:05:36,185 [INFO] 心跳已发送，200 OK
2025-07-24 13:05:51,257 [INFO] 心跳已发送，200 OK
2025-07-24 13:06:06,324 [INFO] 心跳已发送，200 OK
2025-07-24 13:06:21,397 [INFO] 心跳已发送，200 OK
2025-07-24 13:06:36,465 [INFO] 心跳已发送，200 OK
2025-07-24 13:06:51,543 [INFO] 心跳已发送，200 OK
2025-07-24 13:07:06,619 [INFO] 心跳已发送，200 OK
2025-07-24 13:07:19,761 [INFO] 通过 WMI 获取 CPU 序列：BFEBFBFF000906EA
2025-07-24 13:07:19,845 [INFO] 授权通过
2025-07-24 13:07:19,846 [INFO] 已设置 CLIENT_ID = nh-dz-client001
2025-07-24 13:07:19,907 [INFO] 心跳已发送，200 OK
2025-07-24 13:07:19,907 [INFO] 心跳间隔已设置为 15 秒
2025-07-24 13:07:34,982 [INFO] 心跳已发送，200 OK
2025-07-24 13:07:50,058 [INFO] 心跳已发送，200 OK
2025-07-24 13:08:05,107 [INFO] 心跳已发送，200 OK
2025-07-24 13:08:09,666 [INFO] 通过 WMI 获取 CPU 序列：BFEBFBFF000906EA
2025-07-24 13:08:09,746 [INFO] 授权通过
2025-07-24 13:08:09,746 [INFO] 已设置 CLIENT_ID = nh-dz-client001
2025-07-24 13:08:09,806 [INFO] 心跳已发送，200 OK
2025-07-24 13:08:09,807 [INFO] 心跳间隔已设置为 15 秒
2025-07-24 13:08:24,894 [INFO] 心跳已发送，200 OK
2025-07-24 13:08:39,954 [INFO] 心跳已发送，200 OK
2025-07-24 13:08:55,004 [INFO] 心跳已发送，200 OK
2025-07-24 13:09:10,077 [INFO] 心跳已发送，200 OK
2025-07-24 13:09:25,122 [INFO] 心跳已发送，200 OK
2025-07-24 13:09:40,189 [INFO] 心跳已发送，200 OK
2025-07-24 13:09:55,247 [INFO] 心跳已发送，200 OK
2025-07-24 13:10:10,311 [INFO] 心跳已发送，200 OK
2025-07-24 13:10:25,384 [INFO] 心跳已发送，200 OK
2025-07-24 13:10:40,455 [INFO] 心跳已发送，200 OK
2025-07-24 13:10:55,517 [INFO] 心跳已发送，200 OK
2025-07-24 13:11:10,591 [INFO] 心跳已发送，200 OK
2025-07-24 13:11:25,662 [INFO] 心跳已发送，200 OK
2025-07-24 13:11:40,734 [INFO] 心跳已发送，200 OK
2025-07-24 13:11:55,804 [INFO] 心跳已发送，200 OK
2025-07-24 13:12:10,865 [INFO] 心跳已发送，200 OK
2025-07-24 13:12:25,929 [INFO] 心跳已发送，200 OK
2025-07-24 13:12:40,993 [INFO] 心跳已发送，200 OK
2025-07-24 13:12:56,061 [INFO] 心跳已发送，200 OK
2025-07-24 13:13:11,117 [INFO] 心跳已发送，200 OK
2025-07-24 13:13:26,178 [INFO] 心跳已发送，200 OK
2025-07-24 13:13:41,227 [INFO] 心跳已发送，200 OK
2025-07-24 13:13:56,311 [INFO] 心跳已发送，200 OK
2025-07-24 13:14:11,380 [INFO] 心跳已发送，200 OK
2025-07-24 13:14:26,451 [INFO] 心跳已发送，200 OK
2025-07-24 13:14:41,513 [INFO] 心跳已发送，200 OK
2025-07-24 13:14:56,580 [INFO] 心跳已发送，200 OK
2025-07-24 13:15:11,656 [INFO] 心跳已发送，200 OK
2025-07-24 13:15:26,724 [INFO] 心跳已发送，200 OK
2025-07-24 13:15:41,792 [INFO] 心跳已发送，200 OK
2025-07-24 13:15:56,865 [INFO] 心跳已发送，200 OK
2025-07-24 13:16:11,940 [INFO] 心跳已发送，200 OK
2025-07-24 13:16:26,985 [INFO] 心跳已发送，200 OK
2025-07-24 13:16:42,051 [INFO] 心跳已发送，200 OK
2025-07-24 13:16:57,116 [INFO] 心跳已发送，200 OK
2025-07-24 13:17:12,183 [INFO] 心跳已发送，200 OK
2025-07-24 13:17:27,224 [INFO] 心跳已发送，200 OK
2025-07-24 13:17:42,292 [INFO] 心跳已发送，200 OK
2025-07-24 13:17:57,344 [INFO] 心跳已发送，200 OK
2025-07-24 13:18:12,411 [INFO] 心跳已发送，200 OK
2025-07-24 13:18:27,467 [INFO] 心跳已发送，200 OK
2025-07-24 13:18:42,530 [INFO] 心跳已发送，200 OK
2025-07-24 13:18:57,599 [INFO] 心跳已发送，200 OK
2025-07-24 13:19:12,664 [INFO] 心跳已发送，200 OK
2025-07-24 13:19:27,718 [INFO] 心跳已发送，200 OK
2025-07-24 13:19:42,770 [INFO] 心跳已发送，200 OK
2025-07-24 13:19:57,818 [INFO] 心跳已发送，200 OK
2025-07-24 13:20:12,894 [INFO] 心跳已发送，200 OK
2025-07-24 13:21:15,182 [INFO] 通过 WMI 获取 CPU 序列：BFEBFBFF000906EA
2025-07-24 13:21:15,260 [INFO] 授权通过
2025-07-24 13:21:15,261 [INFO] 已设置 CLIENT_ID = nh-home-client001
2025-07-24 13:21:15,322 [INFO] 心跳已发送，200 OK
2025-07-24 13:21:15,323 [INFO] 心跳间隔已设置为 15 秒
2025-07-24 13:21:30,391 [INFO] 心跳已发送，200 OK
2025-07-24 13:21:45,472 [INFO] 心跳已发送，200 OK
2025-07-24 13:22:00,534 [INFO] 心跳已发送，200 OK
2025-07-24 13:22:15,602 [INFO] 心跳已发送，200 OK
2025-07-24 13:22:30,674 [INFO] 心跳已发送，200 OK
2025-07-24 13:22:42,827 [INFO] 通过 WMI 获取 CPU 序列：BFEBFBFF000906EA
2025-07-24 13:22:42,901 [INFO] 授权通过
2025-07-24 13:22:42,902 [INFO] 已设置 CLIENT_ID = nh-home-client001
2025-07-24 13:22:42,966 [INFO] 心跳已发送，200 OK
2025-07-24 13:22:42,967 [INFO] 心跳间隔已设置为 15 秒
2025-07-24 13:22:58,033 [INFO] 心跳已发送，200 OK
2025-07-24 13:23:13,096 [INFO] 心跳已发送，200 OK
2025-07-24 13:23:28,159 [INFO] 心跳已发送，200 OK
2025-07-24 13:23:43,222 [INFO] 心跳已发送，200 OK
2025-07-24 13:23:58,290 [INFO] 心跳已发送，200 OK
2025-07-24 13:25:15,959 [INFO] 通过 WMI 获取 CPU 序列：BFEBFBFF000906EA
2025-07-24 13:25:16,032 [INFO] 授权通过
2025-07-24 13:25:16,032 [INFO] 已设置 CLIENT_ID = nh-home-client001
2025-07-24 13:25:16,092 [INFO] 心跳已发送，200 OK
2025-07-24 13:25:16,092 [INFO] 心跳间隔已设置为 15 秒
2025-07-24 13:25:31,164 [INFO] 心跳已发送，200 OK
2025-07-24 13:25:46,226 [INFO] 心跳已发送，200 OK
2025-07-24 13:26:01,273 [INFO] 心跳已发送，200 OK
2025-07-24 13:26:17,440 [INFO] 心跳已发送，200 OK
2025-07-24 13:26:32,514 [INFO] 心跳已发送，200 OK
2025-07-24 13:26:47,582 [INFO] 心跳已发送，200 OK
2025-07-24 13:27:02,648 [INFO] 心跳已发送，200 OK
2025-07-24 13:27:17,724 [INFO] 心跳已发送，200 OK
2025-07-24 13:27:32,792 [INFO] 心跳已发送，200 OK
2025-07-24 13:27:47,879 [INFO] 心跳已发送，200 OK
2025-07-24 13:28:02,936 [INFO] 心跳已发送，200 OK
2025-07-24 13:28:17,999 [INFO] 心跳已发送，200 OK
2025-07-24 13:28:33,065 [INFO] 心跳已发送，200 OK
2025-07-24 13:28:48,138 [INFO] 心跳已发送，200 OK
2025-07-24 13:29:03,206 [INFO] 心跳已发送，200 OK
2025-07-24 13:29:18,279 [INFO] 心跳已发送，200 OK
2025-07-24 13:29:33,336 [INFO] 心跳已发送，200 OK
2025-07-24 13:29:48,391 [INFO] 心跳已发送，200 OK
2025-07-24 13:30:03,459 [INFO] 心跳已发送，200 OK
2025-07-24 13:30:18,520 [INFO] 心跳已发送，200 OK
2025-07-24 13:30:33,579 [INFO] 心跳已发送，200 OK
2025-07-24 13:30:48,641 [INFO] 心跳已发送，200 OK
2025-07-24 13:31:03,701 [INFO] 心跳已发送，200 OK
2025-07-24 13:32:06,891 [INFO] 通过 WMI 获取 CPU 序列：BFEBFBFF000906EA
2025-07-24 13:32:06,973 [INFO] 授权通过
2025-07-24 13:32:06,973 [INFO] 已设置 CLIENT_ID = nh-home-client001
2025-07-24 13:32:07,033 [INFO] 心跳已发送，200 OK
2025-07-24 13:32:07,033 [INFO] 心跳间隔已设置为 15 秒
2025-07-24 13:32:22,082 [INFO] 心跳已发送，200 OK
2025-07-24 13:32:37,144 [INFO] 心跳已发送，200 OK
2025-07-24 13:32:52,191 [INFO] 心跳已发送，200 OK
2025-07-24 13:33:07,253 [INFO] 心跳已发送，200 OK
2025-07-24 13:33:22,315 [INFO] 心跳已发送，200 OK
2025-07-24 13:33:37,387 [INFO] 心跳已发送，200 OK
2025-07-24 13:33:52,456 [INFO] 心跳已发送，200 OK
2025-07-24 13:34:07,535 [INFO] 心跳已发送，200 OK
2025-07-24 13:34:22,584 [INFO] 心跳已发送，200 OK
2025-07-24 13:34:37,676 [INFO] 心跳已发送，200 OK
2025-07-24 13:34:52,755 [INFO] 心跳已发送，200 OK
2025-07-24 13:35:07,834 [INFO] 心跳已发送，200 OK
2025-07-24 13:35:22,903 [INFO] 心跳已发送，200 OK
2025-07-24 13:35:37,967 [INFO] 心跳已发送，200 OK
2025-07-24 13:35:53,044 [INFO] 心跳已发送，200 OK
2025-07-24 13:36:08,116 [INFO] 心跳已发送，200 OK
2025-07-24 13:36:23,190 [INFO] 心跳已发送，200 OK
2025-07-24 13:36:38,263 [INFO] 心跳已发送，200 OK
2025-07-24 13:36:53,336 [INFO] 心跳已发送，200 OK
2025-07-24 13:37:08,421 [INFO] 心跳已发送，200 OK
2025-07-24 13:37:23,510 [INFO] 心跳已发送，200 OK
2025-07-24 13:37:38,579 [INFO] 心跳已发送，200 OK
2025-07-24 13:37:53,640 [INFO] 心跳已发送，200 OK
2025-07-24 13:38:08,705 [INFO] 心跳已发送，200 OK
2025-07-24 13:38:23,781 [INFO] 心跳已发送，200 OK
2025-07-24 13:38:38,848 [INFO] 心跳已发送，200 OK
2025-07-24 13:38:53,909 [INFO] 心跳已发送，200 OK
2025-07-24 13:39:08,977 [INFO] 心跳已发送，200 OK
2025-07-24 13:39:24,026 [INFO] 心跳已发送，200 OK
2025-07-24 13:39:39,102 [INFO] 心跳已发送，200 OK
2025-07-24 13:39:54,169 [INFO] 心跳已发送，200 OK
2025-07-24 13:40:09,251 [INFO] 心跳已发送，200 OK
2025-07-24 13:40:24,313 [INFO] 心跳已发送，200 OK
2025-07-24 13:40:39,448 [INFO] 心跳已发送，200 OK
2025-07-24 13:40:54,515 [INFO] 心跳已发送，200 OK
2025-07-24 13:41:09,579 [INFO] 心跳已发送，200 OK
2025-07-24 13:41:24,658 [INFO] 心跳已发送，200 OK
2025-07-24 13:41:39,729 [INFO] 心跳已发送，200 OK
2025-07-24 13:41:54,799 [INFO] 心跳已发送，200 OK
2025-07-24 13:42:09,869 [INFO] 心跳已发送，200 OK
2025-07-24 13:42:24,935 [INFO] 心跳已发送，200 OK
2025-07-24 13:42:39,995 [INFO] 心跳已发送，200 OK
2025-07-24 13:42:55,065 [INFO] 心跳已发送，200 OK
2025-07-24 13:43:10,140 [INFO] 心跳已发送，200 OK
2025-07-24 13:43:25,213 [INFO] 心跳已发送，200 OK
2025-07-24 13:43:40,284 [INFO] 心跳已发送，200 OK
2025-07-24 13:43:55,340 [INFO] 心跳已发送，200 OK
2025-07-24 13:44:10,397 [INFO] 心跳已发送，200 OK
2025-07-24 13:44:25,459 [INFO] 心跳已发送，200 OK
2025-07-24 13:44:40,524 [INFO] 心跳已发送，200 OK
2025-07-24 13:44:55,588 [INFO] 心跳已发送，200 OK
2025-07-24 13:45:10,638 [INFO] 心跳已发送，200 OK
2025-07-24 13:45:25,699 [INFO] 心跳已发送，200 OK
2025-07-24 13:45:40,773 [INFO] 心跳已发送，200 OK
2025-07-24 13:45:55,839 [INFO] 心跳已发送，200 OK
2025-07-24 13:46:10,909 [INFO] 心跳已发送，200 OK
2025-07-24 13:46:25,968 [INFO] 心跳已发送，200 OK
2025-07-24 13:46:41,031 [INFO] 心跳已发送，200 OK
2025-07-24 13:46:56,074 [INFO] 心跳已发送，200 OK
2025-07-24 13:47:04,663 [INFO] 心跳暂停
2025-07-24 13:48:18,287 [INFO] 心跳开启
2025-07-24 13:48:26,186 [INFO] 心跳已发送，200 OK
2025-07-24 13:48:41,262 [INFO] 心跳已发送，200 OK
2025-07-24 13:48:56,304 [INFO] 心跳已发送，200 OK
2025-07-24 13:49:11,370 [INFO] 心跳已发送，200 OK
2025-07-24 13:49:26,436 [INFO] 心跳已发送，200 OK
2025-07-24 13:49:41,479 [INFO] 心跳已发送，200 OK
2025-07-24 13:49:56,533 [INFO] 心跳已发送，200 OK
2025-07-24 13:50:11,615 [INFO] 心跳已发送，200 OK
2025-07-24 13:50:26,693 [INFO] 心跳已发送，200 OK
2025-07-24 13:50:41,770 [INFO] 心跳已发送，200 OK
2025-07-24 13:50:56,837 [INFO] 心跳已发送，200 OK
2025-07-24 13:51:11,894 [INFO] 心跳已发送，200 OK
2025-07-24 13:51:26,938 [INFO] 心跳已发送，200 OK
2025-07-24 13:51:42,005 [INFO] 心跳已发送，200 OK
2025-07-24 13:51:57,079 [INFO] 心跳已发送，200 OK
2025-07-24 13:52:17,127 [ERROR] 心跳异常：HTTPConnectionPool(host='localhost', port=38519): Read timed out. (read timeout=5)
2025-07-24 13:52:37,166 [ERROR] 心跳异常：HTTPConnectionPool(host='localhost', port=38519): Read timed out. (read timeout=5)
2025-07-24 13:52:57,188 [ERROR] 心跳异常：HTTPConnectionPool(host='localhost', port=38519): Read timed out. (read timeout=5)
2025-07-24 13:53:12,267 [INFO] 心跳已发送，200 OK
2025-07-24 13:53:32,009 [INFO] 心跳已发送，200 OK
2025-07-24 13:53:47,083 [INFO] 心跳已发送，200 OK
2025-07-24 13:54:02,159 [INFO] 心跳已发送，200 OK
2025-07-24 13:54:17,248 [INFO] 心跳已发送，200 OK
2025-07-24 13:54:32,306 [INFO] 心跳已发送，200 OK
2025-07-24 13:54:47,370 [INFO] 心跳已发送，200 OK
2025-07-24 13:55:02,534 [INFO] 心跳已发送，200 OK
2025-07-24 13:55:17,596 [INFO] 心跳已发送，200 OK
2025-07-24 13:55:32,677 [INFO] 心跳已发送，200 OK
2025-07-24 13:55:47,749 [INFO] 心跳已发送，200 OK
2025-07-24 13:56:02,828 [INFO] 心跳已发送，200 OK
2025-07-24 13:56:17,911 [INFO] 心跳已发送，200 OK
2025-07-24 13:56:32,971 [INFO] 心跳已发送，200 OK
2025-07-24 13:56:48,013 [INFO] 心跳已发送，200 OK
2025-07-24 13:57:03,066 [INFO] 心跳已发送，200 OK
2025-07-24 13:57:18,130 [INFO] 心跳已发送，200 OK
2025-07-24 13:57:33,194 [INFO] 心跳已发送，200 OK
2025-07-24 13:57:53,239 [ERROR] 心跳异常：HTTPConnectionPool(host='localhost', port=38519): Read timed out. (read timeout=5)
2025-07-24 13:58:13,281 [ERROR] 心跳异常：HTTPConnectionPool(host='localhost', port=38519): Read timed out. (read timeout=5)
2025-07-24 13:58:33,311 [ERROR] 心跳异常：HTTPConnectionPool(host='localhost', port=38519): Read timed out. (read timeout=5)
2025-07-24 13:58:53,348 [ERROR] 心跳异常：HTTPConnectionPool(host='localhost', port=38519): Read timed out. (read timeout=5)
2025-07-24 13:59:13,363 [ERROR] 心跳异常：HTTPConnectionPool(host='localhost', port=38519): Read timed out. (read timeout=5)
2025-07-24 13:59:28,429 [INFO] 心跳已发送，200 OK
2025-07-24 13:59:43,474 [INFO] 心跳已发送，200 OK
2025-07-24 13:59:50,714 [INFO] 心跳暂停
2025-07-24 14:00:20,589 [INFO] 心跳开启
2025-07-24 14:00:28,550 [INFO] 心跳已发送，200 OK
2025-07-24 14:00:43,623 [INFO] 心跳已发送，200 OK
2025-07-24 14:00:51,344 [INFO] 通过 WMI 获取 CPU 序列：BFEBFBFF000906EA
2025-07-24 14:00:51,425 [INFO] 授权通过
2025-07-24 14:00:51,425 [INFO] 已设置 CLIENT_ID = nh-home-client001
2025-07-24 14:00:51,474 [INFO] 心跳已发送，200 OK
2025-07-24 14:00:51,474 [INFO] 心跳间隔已设置为 15 秒
2025-07-24 14:01:06,548 [INFO] 心跳已发送，200 OK
2025-07-24 14:01:21,627 [INFO] 心跳已发送，200 OK
2025-07-24 14:01:41,661 [ERROR] 心跳异常：HTTPConnectionPool(host='localhost', port=38519): Read timed out. (read timeout=5)
2025-07-24 14:02:01,684 [ERROR] 心跳异常：HTTPConnectionPool(host='localhost', port=38519): Read timed out. (read timeout=5)
2025-07-24 14:02:21,715 [ERROR] 心跳异常：HTTPConnectionPool(host='localhost', port=38519): Read timed out. (read timeout=5)
2025-07-24 14:02:36,782 [INFO] 心跳已发送，200 OK
2025-07-24 14:02:51,850 [INFO] 心跳已发送，200 OK
2025-07-24 14:03:06,907 [INFO] 心跳已发送，200 OK
2025-07-24 14:03:21,969 [INFO] 心跳已发送，200 OK
2025-07-24 14:03:37,021 [INFO] 心跳已发送，200 OK
2025-07-24 14:03:52,091 [INFO] 心跳已发送，200 OK
2025-07-24 14:04:07,153 [INFO] 心跳已发送，200 OK
2025-07-24 14:04:22,213 [INFO] 心跳已发送，200 OK
2025-07-24 14:04:37,281 [INFO] 心跳已发送，200 OK
2025-07-24 14:07:00,580 [INFO] 通过 WMI 获取 CPU 序列：BFEBFBFF000906EA
2025-07-24 14:07:00,660 [INFO] 授权通过
2025-07-24 14:07:00,660 [INFO] 已设置 CLIENT_ID = nh-home-client001
2025-07-24 14:07:00,716 [INFO] 心跳已发送，200 OK
2025-07-24 14:07:00,716 [INFO] 心跳间隔已设置为 15 秒
2025-07-24 14:07:15,793 [INFO] 心跳已发送，200 OK
2025-07-24 14:07:30,866 [INFO] 心跳已发送，200 OK
2025-07-24 14:07:45,939 [INFO] 心跳已发送，200 OK
2025-07-24 14:08:01,002 [INFO] 心跳已发送，200 OK
2025-07-24 14:08:16,060 [INFO] 心跳已发送，200 OK
2025-07-24 14:08:31,123 [INFO] 心跳已发送，200 OK
2025-07-24 14:08:46,200 [INFO] 心跳已发送，200 OK
2025-07-24 14:09:01,269 [INFO] 心跳已发送，200 OK
2025-07-24 14:09:16,342 [INFO] 心跳已发送，200 OK
2025-07-24 14:09:31,412 [INFO] 心跳已发送，200 OK
2025-07-24 14:09:46,486 [INFO] 心跳已发送，200 OK
2025-07-24 14:10:01,559 [INFO] 心跳已发送，200 OK
2025-07-24 14:10:16,625 [INFO] 心跳已发送，200 OK
2025-07-24 14:10:31,696 [INFO] 心跳已发送，200 OK
2025-07-24 14:10:46,744 [INFO] 心跳已发送，200 OK
2025-07-24 14:11:01,812 [INFO] 心跳已发送，200 OK
2025-07-24 14:11:21,850 [ERROR] 心跳异常：HTTPConnectionPool(host='localhost', port=38519): Read timed out. (read timeout=5)
2025-07-24 14:11:36,930 [INFO] 心跳已发送，200 OK
2025-07-24 14:19:20,866 [INFO] 通过 WMI 获取 CPU 序列：BFEBFBFF000906EA
2025-07-24 14:19:20,942 [INFO] 授权通过
2025-07-24 14:19:20,943 [INFO] 已设置 CLIENT_ID = nh-home-client001
2025-07-24 14:19:20,999 [INFO] 心跳已发送，200 OK
2025-07-24 14:19:21,000 [INFO] 心跳间隔已设置为 15 秒
2025-07-24 14:19:36,064 [INFO] 心跳已发送，200 OK
2025-07-24 14:19:51,131 [INFO] 心跳已发送，200 OK
2025-07-24 14:20:06,208 [INFO] 心跳已发送，200 OK
2025-07-24 14:21:42,452 [INFO] 通过 WMI 获取 CPU 序列：BFEBFBFF000906EA
2025-07-24 14:21:42,571 [INFO] 授权通过
2025-07-24 14:21:42,572 [INFO] 已设置 CLIENT_ID = nh-home-client001
2025-07-24 14:21:42,689 [INFO] 心跳已发送，200 OK
2025-07-24 14:21:42,690 [INFO] 心跳间隔已设置为 15 秒
2025-07-24 14:21:57,763 [INFO] 心跳已发送，200 OK
2025-07-24 14:22:12,825 [INFO] 心跳已发送，200 OK
2025-07-24 14:22:27,873 [INFO] 心跳已发送，200 OK
2025-07-24 14:22:42,920 [INFO] 心跳已发送，200 OK
2025-07-24 14:22:57,972 [INFO] 心跳已发送，200 OK
2025-07-24 14:23:13,045 [INFO] 心跳已发送，200 OK
2025-07-24 14:23:28,094 [INFO] 心跳已发送，200 OK
2025-07-24 14:23:43,162 [INFO] 心跳已发送，200 OK
2025-07-24 14:23:58,218 [INFO] 心跳已发送，200 OK
2025-07-24 14:24:13,313 [INFO] 心跳已发送，200 OK
2025-07-24 14:24:28,390 [INFO] 心跳已发送，200 OK
2025-07-24 14:24:43,449 [INFO] 心跳已发送，200 OK
2025-07-24 14:24:58,496 [INFO] 心跳已发送，200 OK
2025-07-24 14:25:13,556 [INFO] 心跳已发送，200 OK
2025-07-24 14:25:28,625 [INFO] 心跳已发送，200 OK
2025-07-24 14:27:19,697 [INFO] 通过 WMI 获取 CPU 序列：BFEBFBFF000906EA
2025-07-24 14:27:19,774 [INFO] 授权通过
2025-07-24 14:27:19,774 [INFO] 已设置 CLIENT_ID = nh-home-client001
2025-07-24 14:27:19,828 [INFO] 心跳已发送，200 OK
2025-07-24 14:27:19,829 [INFO] 心跳间隔已设置为 15 秒
2025-07-24 14:27:34,900 [INFO] 心跳已发送，200 OK
2025-07-24 14:27:49,974 [INFO] 心跳已发送，200 OK
2025-07-24 14:28:05,042 [INFO] 心跳已发送，200 OK
2025-07-24 14:28:20,112 [INFO] 心跳已发送，200 OK
2025-07-24 14:28:35,182 [INFO] 心跳已发送，200 OK
2025-07-24 14:28:50,253 [INFO] 心跳已发送，200 OK
2025-07-24 14:29:05,357 [INFO] 心跳已发送，200 OK
2025-07-24 14:29:20,437 [INFO] 心跳已发送，200 OK
2025-07-24 14:29:35,508 [INFO] 心跳已发送，200 OK
2025-07-24 14:29:50,555 [INFO] 心跳已发送，200 OK
2025-07-24 14:30:05,628 [INFO] 心跳已发送，200 OK
2025-07-24 14:30:20,687 [INFO] 心跳已发送，200 OK
2025-07-24 14:30:35,734 [INFO] 心跳已发送，200 OK
2025-07-24 14:30:50,799 [INFO] 心跳已发送，200 OK
2025-07-24 14:31:05,874 [INFO] 心跳已发送，200 OK
2025-07-24 14:31:20,943 [INFO] 心跳已发送，200 OK
2025-07-24 14:31:36,020 [INFO] 心跳已发送，200 OK
2025-07-24 14:31:51,093 [INFO] 心跳已发送，200 OK
2025-07-24 14:32:06,160 [INFO] 心跳已发送，200 OK
2025-07-24 14:32:21,254 [INFO] 心跳已发送，200 OK
2025-07-24 14:32:36,328 [INFO] 心跳已发送，200 OK
2025-07-24 14:32:51,375 [INFO] 心跳已发送，200 OK
2025-07-24 14:33:06,472 [INFO] 心跳已发送，200 OK
2025-07-24 14:33:21,540 [INFO] 心跳已发送，200 OK
2025-07-24 14:33:36,627 [INFO] 心跳已发送，200 OK
2025-07-24 14:33:51,706 [INFO] 心跳已发送，200 OK
2025-07-24 14:34:06,765 [INFO] 心跳已发送，200 OK
2025-07-24 14:34:21,842 [INFO] 心跳已发送，200 OK
2025-07-24 14:34:37,054 [INFO] 心跳已发送，200 OK
2025-07-24 14:34:52,117 [INFO] 心跳已发送，200 OK
2025-07-24 14:35:07,197 [INFO] 心跳已发送，200 OK
2025-07-24 14:35:22,248 [INFO] 心跳已发送，200 OK
2025-07-24 14:35:37,299 [INFO] 心跳已发送，200 OK
2025-07-24 14:35:52,347 [INFO] 心跳已发送，200 OK
2025-07-24 14:36:07,419 [INFO] 心跳已发送，200 OK
2025-07-24 14:36:22,468 [INFO] 心跳已发送，200 OK
2025-07-24 14:36:37,534 [INFO] 心跳已发送，200 OK
2025-07-24 14:36:52,600 [INFO] 心跳已发送，200 OK
2025-07-24 14:37:08,119 [INFO] 心跳已发送，200 OK
2025-07-24 14:37:23,180 [INFO] 心跳已发送，200 OK
2025-07-24 14:37:38,226 [INFO] 心跳已发送，200 OK
2025-07-24 14:37:53,292 [INFO] 心跳已发送，200 OK
2025-07-24 14:38:08,370 [INFO] 心跳已发送，200 OK
2025-07-24 14:38:23,430 [INFO] 心跳已发送，200 OK
2025-07-24 14:38:38,501 [INFO] 心跳已发送，200 OK
2025-07-24 14:38:53,560 [INFO] 心跳已发送，200 OK
2025-07-24 14:39:08,637 [INFO] 心跳已发送，200 OK
2025-07-24 14:39:23,687 [INFO] 心跳已发送，200 OK
2025-07-24 14:39:38,757 [INFO] 心跳已发送，200 OK
2025-07-24 14:39:53,803 [INFO] 心跳已发送，200 OK
2025-07-24 14:40:08,849 [INFO] 心跳已发送，200 OK
2025-07-24 14:40:23,921 [INFO] 心跳已发送，200 OK
2025-07-24 14:40:38,984 [INFO] 心跳已发送，200 OK
2025-07-24 14:40:54,029 [INFO] 心跳已发送，200 OK
2025-07-24 14:41:09,096 [INFO] 心跳已发送，200 OK
2025-07-24 14:41:24,147 [INFO] 心跳已发送，200 OK
2025-07-24 14:44:09,296 [INFO] 通过 WMI 获取 CPU 序列：BFEBFBFF000906EA
2025-07-24 14:44:09,377 [INFO] 授权通过
2025-07-24 14:44:09,378 [INFO] 已设置 CLIENT_ID = nh-home-client001
2025-07-24 14:44:09,378 [INFO] 已设置 PSW = nh-home-client001
2025-07-24 14:44:09,436 [INFO] 心跳已发送，200 OK
2025-07-24 14:44:09,436 [INFO] 心跳间隔已设置为 15 秒
2025-07-24 14:44:24,505 [INFO] 心跳已发送，200 OK
2025-07-24 14:44:39,579 [INFO] 心跳已发送，200 OK
2025-07-24 14:44:54,731 [INFO] 心跳已发送，200 OK
2025-07-24 14:45:09,868 [INFO] 心跳已发送，200 OK
2025-07-24 14:45:22,153 [INFO] 心跳暂停
2025-07-24 14:45:41,357 [ERROR] An error occurred in the main loop
Traceback (most recent call last):
  File "D:\pythonProject\pythonProject1\nhdz_alarm\venv\Lib\site-packages\pystray\_win32.py", line 147, in _mainloop
    r = win32.GetMessage(lpmsg, None, 0, 0)
        ^^^^^^^^^^^^^^^^^^^^^^^^^^^^^^^^^^^
KeyboardInterrupt
2025-07-24 14:45:51,770 [INFO] 通过 WMI 获取 CPU 序列：BFEBFBFF000906EA
2025-07-24 14:45:51,849 [INFO] 授权通过
2025-07-24 14:45:51,849 [INFO] 已设置 CLIENT_ID = nh-home-client001
2025-07-24 14:45:51,849 [INFO] 已设置 PSW = nh-home-client001
2025-07-24 14:45:51,907 [INFO] 心跳已发送，200 OK
2025-07-24 14:45:51,907 [INFO] 心跳间隔已设置为 15 秒
2025-07-24 14:46:06,975 [INFO] 心跳已发送，200 OK
2025-07-24 14:46:22,038 [INFO] 心跳已发送，200 OK
2025-07-24 14:46:37,111 [INFO] 心跳已发送，200 OK
2025-07-24 14:46:52,169 [INFO] 心跳已发送，200 OK
2025-07-24 14:47:07,228 [INFO] 心跳已发送，200 OK
2025-07-24 14:47:22,303 [INFO] 心跳已发送，200 OK
2025-07-24 14:47:37,376 [INFO] 心跳已发送，200 OK
2025-07-24 14:47:52,443 [INFO] 心跳已发送，200 OK
2025-07-24 14:48:07,497 [INFO] 心跳已发送，200 OK
2025-07-24 14:48:22,558 [INFO] 心跳已发送，200 OK
2025-07-24 14:48:37,626 [INFO] 心跳已发送，200 OK
2025-07-24 14:48:52,691 [INFO] 心跳已发送，200 OK
2025-07-24 14:49:07,758 [INFO] 心跳已发送，200 OK
2025-07-24 14:49:13,149 [INFO] 通过 WMI 获取 CPU 序列：BFEBFBFF000906EA
2025-07-24 14:49:13,264 [INFO] 授权通过
2025-07-24 14:49:13,264 [INFO] 已设置 CLIENT_ID = nh-home-client001
2025-07-24 14:49:13,264 [INFO] 已设置 PSW = 1234
2025-07-24 14:49:13,339 [INFO] 心跳已发送，200 OK
2025-07-24 14:49:13,340 [INFO] 心跳间隔已设置为 15 秒
2025-07-24 14:49:17,909 [INFO] 通过 WMI 获取 CPU 序列：BFEBFBFF000906EA
2025-07-24 14:49:17,981 [INFO] 授权通过
2025-07-24 14:49:17,981 [INFO] 已设置 CLIENT_ID = nh-home-client001
2025-07-24 14:49:17,981 [INFO] 已设置 PSW = 1234
2025-07-24 14:49:18,040 [INFO] 心跳已发送，200 OK
2025-07-24 14:49:18,040 [INFO] 心跳间隔已设置为 15 秒
2025-07-24 14:49:33,106 [INFO] 心跳已发送，200 OK
2025-07-24 14:49:48,152 [INFO] 心跳已发送，200 OK
2025-07-24 14:51:42,004 [INFO] 通过 WMI 获取 CPU 序列：BFEBFBFF000906EA
2025-07-24 14:51:42,091 [INFO] 授权通过
2025-07-24 14:51:42,091 [INFO] 已设置 CLIENT_ID = nh-home-client001
2025-07-24 14:51:42,091 [INFO] 已设置 PSW = 1234
2025-07-24 14:51:42,151 [INFO] 心跳已发送，200 OK
2025-07-24 14:51:42,151 [INFO] 心跳间隔已设置为 15 秒
2025-07-24 14:52:05,379 [INFO] 日志输出启用
2025-07-24 14:52:12,279 [INFO] 心跳已发送，200 OK
2025-07-24 14:52:24,517 [INFO] 心跳暂停
2025-07-24 14:53:31,686 [INFO] 心跳开启
2025-07-24 14:53:42,389 [INFO] 心跳已发送，200 OK
2025-07-24 14:53:57,457 [INFO] 心跳已发送，200 OK
2025-07-24 14:54:12,514 [INFO] 心跳已发送，200 OK
2025-07-24 14:54:27,580 [INFO] 心跳已发送，200 OK
2025-07-24 14:54:42,644 [INFO] 心跳已发送，200 OK
2025-07-24 14:54:57,721 [INFO] 心跳已发送，200 OK
2025-07-24 14:55:12,793 [INFO] 心跳已发送，200 OK
2025-07-24 14:55:27,872 [INFO] 心跳已发送，200 OK
2025-07-24 14:55:42,934 [INFO] 心跳已发送，200 OK
2025-07-24 14:55:56,197 [INFO] 心跳暂停
2025-07-24 15:07:06,811 [INFO] 通过 WMI 获取 CPU 序列：BFEBFBFF000906EA
2025-07-24 15:07:07,053 [INFO] 授权通过
2025-07-24 15:07:07,053 [INFO] 已设置 CLIENT_ID = nh-home-client001
2025-07-24 15:07:07,053 [INFO] 已设置 PSW = 1234
2025-07-24 15:07:07,234 [INFO] 心跳已发送，200 OK
2025-07-24 15:07:07,236 [INFO] 心跳间隔已设置为 15 秒
2025-07-24 15:07:22,470 [INFO] 心跳已发送，200 OK
2025-07-24 15:07:37,719 [INFO] 心跳已发送，200 OK
2025-07-24 15:25:04,267 [INFO] 通过 WMI 获取 CPU 序列：BFEBFBFF000906EA
2025-07-24 15:25:08,357 [ERROR] activate_once 异常：HTTPConnectionPool(host='localhost', port=38519): Max retries exceeded with url: /ajax/heartbeatHandler.ashx (Caused by NewConnectionError('<urllib3.connection.HTTPConnection object at 0x000002727A811ED0>: Failed to establish a new connection: [WinError 10061] 由于目标计算机积极拒绝，无法连接。'))
2025-07-24 15:25:08,357 [INFO] 授权失败，已暂停心跳
2025-07-24 15:25:08,358 [INFO] 心跳间隔已设置为 15 秒
2025-07-24 15:25:28,369 [INFO] 授权重试第 1 次…
2025-07-24 15:25:29,595 [INFO] 通过 WMI 获取 CPU 序列：BFEBFBFF000906EA
2025-07-24 15:25:33,661 [ERROR] activate_once 异常：HTTPConnectionPool(host='localhost', port=38519): Max retries exceeded with url: /ajax/heartbeatHandler.ashx (Caused by NewConnectionError('<urllib3.connection.HTTPConnection object at 0x000002727AA69650>: Failed to establish a new connection: [WinError 10061] 由于目标计算机积极拒绝，无法连接。'))
2025-07-24 15:25:53,674 [INFO] 授权重试第 2 次…
2025-07-24 15:25:54,822 [INFO] 通过 WMI 获取 CPU 序列：BFEBFBFF000906EA
2025-07-24 15:26:14,944 [INFO] 授权重试第 3 次…
2025-07-24 15:26:16,119 [INFO] 通过 WMI 获取 CPU 序列：BFEBFBFF000906EA
2025-07-24 15:26:36,212 [INFO] 授权重试第 4 次…
2025-07-24 15:26:37,371 [INFO] 通过 WMI 获取 CPU 序列：BFEBFBFF000906EA
2025-07-24 15:26:57,437 [INFO] 授权重试第 5 次…
2025-07-24 15:26:58,582 [INFO] 通过 WMI 获取 CPU 序列：BFEBFBFF000906EA
2025-07-24 15:27:17,718 [INFO] 通过 WMI 获取 CPU 序列：BFEBFBFF000906EA
2025-07-24 15:27:22,736 [ERROR] activate_once 异常：HTTPConnectionPool(host='localhost', port=38519): Read timed out. (read timeout=5)
2025-07-24 15:27:22,736 [INFO] 授权失败，已暂停心跳
2025-07-24 15:27:22,737 [INFO] 心跳间隔已设置为 15 秒
2025-07-24 15:27:42,749 [INFO] 授权重试第 1 次…
2025-07-24 15:27:43,908 [INFO] 通过 WMI 获取 CPU 序列：BFEBFBFF000906EA
2025-07-24 15:27:48,936 [ERROR] activate_once 异常：HTTPConnectionPool(host='localhost', port=38519): Read timed out. (read timeout=5)
2025-07-24 15:28:08,950 [INFO] 授权重试第 2 次…
2025-07-24 15:28:10,133 [INFO] 通过 WMI 获取 CPU 序列：BFEBFBFF000906EA
2025-07-24 15:28:15,174 [ERROR] activate_once 异常：HTTPConnectionPool(host='localhost', port=38519): Read timed out. (read timeout=5)
2025-07-24 15:28:35,191 [INFO] 授权重试第 3 次…
2025-07-24 15:28:36,336 [INFO] 通过 WMI 获取 CPU 序列：BFEBFBFF000906EA
2025-07-24 15:28:41,358 [ERROR] activate_once 异常：HTTPConnectionPool(host='localhost', port=38519): Read timed out. (read timeout=5)
2025-07-24 15:29:01,371 [INFO] 授权重试第 4 次…
2025-07-24 15:29:02,507 [INFO] 通过 WMI 获取 CPU 序列：BFEBFBFF000906EA
2025-07-24 15:29:07,536 [ERROR] activate_once 异常：HTTPConnectionPool(host='localhost', port=38519): Read timed out. (read timeout=5)
2025-07-24 15:29:27,550 [INFO] 授权重试第 5 次…
2025-07-24 15:29:28,701 [INFO] 通过 WMI 获取 CPU 序列：BFEBFBFF000906EA
2025-07-24 15:29:28,873 [INFO] 已设置 CLIENT_ID = 052c59e8977543a887a3764eafb2a04e
2025-07-24 15:29:28,874 [INFO] 已获取 PSW = 3621
2025-07-24 15:29:28,874 [INFO] 重试激活成功，恢复心跳
2025-07-24 15:29:29,014 [INFO] 心跳已发送，200 OK
2025-07-24 15:29:57,769 [INFO] 通过 WMI 获取 CPU 序列：BFEBFBFF000906EA
2025-07-24 15:29:57,842 [INFO] 授权通过
2025-07-24 15:29:57,842 [INFO] 已设置 CLIENT_ID = abeabf6044214bdfae56e4cca591729c
2025-07-24 15:29:57,842 [INFO] 已设置 PSW = 1886
2025-07-24 15:29:57,906 [INFO] 心跳已发送，200 OK
2025-07-24 15:29:57,906 [INFO] 心跳间隔已设置为 15 秒
2025-07-24 15:30:12,973 [INFO] 心跳已发送，200 OK
2025-07-24 15:30:28,046 [INFO] 心跳已发送，200 OK
2025-07-24 15:30:44,302 [INFO] 通过 WMI 获取 CPU 序列：BFEBFBFF000906EA
2025-07-24 15:30:44,382 [INFO] 授权通过
2025-07-24 15:30:44,382 [INFO] 已设置 CLIENT_ID = abeabf6044214bdfae56e4cca591729c
2025-07-24 15:30:44,382 [INFO] 已设置 PSW = 1886
2025-07-24 15:30:44,421 [INFO] 心跳已发送，200 OK
2025-07-24 15:30:44,421 [INFO] 心跳间隔已设置为 15 秒
2025-07-24 15:30:59,484 [INFO] 心跳已发送，200 OK
2025-07-24 15:31:14,531 [INFO] 心跳已发送，200 OK
2025-07-24 15:31:29,607 [INFO] 心跳已发送，200 OK
2025-07-24 15:31:44,668 [INFO] 心跳已发送，200 OK
2025-07-24 15:31:59,732 [INFO] 心跳已发送，200 OK
2025-07-24 15:32:14,814 [INFO] 心跳已发送，200 OK
2025-07-24 15:32:29,875 [INFO] 心跳已发送，200 OK
2025-07-24 15:32:44,956 [INFO] 心跳已发送，200 OK
2025-07-24 15:33:00,020 [INFO] 心跳已发送，200 OK
2025-07-24 15:33:15,100 [INFO] 心跳已发送，200 OK
2025-07-24 15:33:34,161 [ERROR] 心跳异常：HTTPConnectionPool(host='localhost', port=38519): Max retries exceeded with url: /ajax/heartbeatHandler.ashx (Caused by NewConnectionError('<urllib3.connection.HTTPConnection object at 0x00000259C21F2590>: Failed to establish a new connection: [WinError 10061] 由于目标计算机积极拒绝，无法连接。'))
2025-07-24 15:33:53,229 [ERROR] 心跳异常：HTTPConnectionPool(host='localhost', port=38519): Max retries exceeded with url: /ajax/heartbeatHandler.ashx (Caused by NewConnectionError('<urllib3.connection.HTTPConnection object at 0x00000259C21F8BD0>: Failed to establish a new connection: [WinError 10061] 由于目标计算机积极拒绝，无法连接。'))
2025-07-24 15:34:14,763 [ERROR] 心跳异常：HTTPConnectionPool(host='localhost', port=38519): Read timed out. (read timeout=5)
2025-07-24 15:34:29,810 [INFO] 心跳已发送，200 OK
2025-07-24 15:35:52,857 [INFO] 通过 WMI 获取 CPU 序列：BFEBFBFF000906EA
2025-07-24 15:35:52,948 [INFO] 授权通过
2025-07-24 15:35:52,949 [INFO] 已设置 CLIENT_ID = a2704fbb612a4dbba9d42128d8b01398
2025-07-24 15:35:52,949 [INFO] 已设置 PSW = 1195
2025-07-24 15:35:53,006 [INFO] 心跳已发送，200 OK
2025-07-24 15:35:53,006 [INFO] 心跳间隔已设置为 15 秒
2025-07-24 15:36:08,076 [INFO] 心跳已发送，200 OK
2025-07-24 15:36:23,138 [INFO] 心跳已发送，200 OK
2025-07-24 15:36:38,202 [INFO] 心跳已发送，200 OK
2025-07-24 15:36:53,269 [INFO] 心跳已发送，200 OK
2025-07-24 15:37:08,324 [INFO] 心跳已发送，200 OK
2025-07-24 15:37:28,349 [ERROR] 心跳异常：HTTPConnectionPool(host='localhost', port=38519): Read timed out. (read timeout=5)
2025-07-24 15:37:48,400 [ERROR] 心跳异常：HTTPConnectionPool(host='localhost', port=38519): Read timed out. (read timeout=5)
2025-07-24 15:38:08,438 [ERROR] 心跳异常：HTTPConnectionPool(host='localhost', port=38519): Read timed out. (read timeout=5)
2025-07-24 15:38:28,475 [ERROR] 心跳异常：HTTPConnectionPool(host='localhost', port=38519): Read timed out. (read timeout=5)
2025-07-24 15:38:48,520 [ERROR] 心跳异常：HTTPConnectionPool(host='localhost', port=38519): Read timed out. (read timeout=5)
2025-07-24 18:48:51,068 [ERROR] 心跳异常：HTTPConnectionPool(host='localhost', port=38519): Read timed out. (read timeout=5)
2025-07-24 18:49:11,147 [ERROR] 心跳异常：HTTPConnectionPool(host='localhost', port=38519): Read timed out. (read timeout=5)
2025-07-24 18:49:31,177 [ERROR] 心跳异常：HTTPConnectionPool(host='localhost', port=38519): Read timed out. (read timeout=5)
2025-07-24 18:49:51,228 [ERROR] 心跳异常：HTTPConnectionPool(host='localhost', port=38519): Read timed out. (read timeout=5)
2025-07-24 18:50:11,267 [ERROR] 心跳异常：HTTPConnectionPool(host='localhost', port=38519): Read timed out. (read timeout=5)
2025-07-24 18:50:31,301 [ERROR] 心跳异常：HTTPConnectionPool(host='localhost', port=38519): Read timed out. (read timeout=5)
2025-07-24 18:50:51,338 [ERROR] 心跳异常：HTTPConnectionPool(host='localhost', port=38519): Read timed out. (read timeout=5)
2025-07-24 18:51:11,386 [ERROR] 心跳异常：HTTPConnectionPool(host='localhost', port=38519): Read timed out. (read timeout=5)
2025-07-24 18:51:31,430 [ERROR] 心跳异常：HTTPConnectionPool(host='localhost', port=38519): Read timed out. (read timeout=5)
2025-07-24 18:51:51,456 [ERROR] 心跳异常：HTTPConnectionPool(host='localhost', port=38519): Read timed out. (read timeout=5)
2025-07-24 18:52:11,486 [ERROR] 心跳异常：HTTPConnectionPool(host='localhost', port=38519): Read timed out. (read timeout=5)
2025-07-24 18:52:31,538 [ERROR] 心跳异常：HTTPConnectionPool(host='localhost', port=38519): Read timed out. (read timeout=5)
2025-07-24 18:52:51,589 [ERROR] 心跳异常：HTTPConnectionPool(host='localhost', port=38519): Read timed out. (read timeout=5)
2025-07-24 18:53:10,500 [INFO] 心跳已发送，200 OK
2025-07-24 18:53:30,520 [ERROR] 心跳异常：HTTPConnectionPool(host='localhost', port=38519): Read timed out. (read timeout=5)
2025-07-24 18:53:50,545 [ERROR] 心跳异常：HTTPConnectionPool(host='localhost', port=38519): Read timed out. (read timeout=5)
2025-07-24 18:54:10,595 [ERROR] 心跳异常：HTTPConnectionPool(host='localhost', port=38519): Read timed out. (read timeout=5)
2025-07-24 18:54:30,637 [ERROR] 心跳异常：HTTPConnectionPool(host='localhost', port=38519): Read timed out. (read timeout=5)
2025-07-24 18:54:50,656 [ERROR] 心跳异常：HTTPConnectionPool(host='localhost', port=38519): Read timed out. (read timeout=5)
2025-07-24 18:55:10,685 [ERROR] 心跳异常：HTTPConnectionPool(host='localhost', port=38519): Read timed out. (read timeout=5)
2025-07-24 18:55:30,717 [ERROR] 心跳异常：HTTPConnectionPool(host='localhost', port=38519): Read timed out. (read timeout=5)
2025-07-24 18:55:46,572 [INFO] 心跳已发送，200 OK
2025-07-24 18:56:01,635 [INFO] 心跳已发送，200 OK
2025-07-24 18:56:16,697 [INFO] 心跳已发送，200 OK
2025-07-24 18:56:31,771 [INFO] 心跳已发送，200 OK
2025-07-24 18:56:48,686 [INFO] 心跳已发送，200 OK
2025-07-24 18:57:03,760 [INFO] 心跳已发送，200 OK
2025-07-24 18:57:18,823 [INFO] 心跳已发送，200 OK
2025-07-24 18:57:33,889 [INFO] 心跳已发送，200 OK
2025-07-24 18:57:48,962 [INFO] 心跳已发送，200 OK
2025-07-24 18:58:04,026 [INFO] 心跳已发送，200 OK
2025-07-24 18:58:19,088 [INFO] 心跳已发送，200 OK
2025-07-24 18:58:34,167 [INFO] 心跳已发送，200 OK
2025-07-24 18:58:49,244 [INFO] 心跳已发送，200 OK
2025-07-24 18:59:04,309 [INFO] 心跳已发送，200 OK
2025-07-24 18:59:19,376 [INFO] 心跳已发送，200 OK
2025-07-24 18:59:34,439 [INFO] 心跳已发送，200 OK
2025-07-24 18:59:49,509 [INFO] 心跳已发送，200 OK
2025-07-24 19:00:04,572 [INFO] 心跳已发送，200 OK
2025-07-24 19:00:19,652 [INFO] 心跳已发送，200 OK
2025-07-24 19:00:34,724 [INFO] 心跳已发送，200 OK
2025-07-24 19:00:49,798 [INFO] 心跳已发送，200 OK
2025-07-24 19:01:04,859 [INFO] 心跳已发送，200 OK
2025-07-24 19:01:19,938 [INFO] 心跳已发送，200 OK
2025-07-24 19:01:35,007 [INFO] 心跳已发送，200 OK
2025-07-24 19:01:50,076 [INFO] 心跳已发送，200 OK
2025-07-24 19:02:05,140 [INFO] 心跳已发送，200 OK
2025-07-24 19:02:20,222 [INFO] 心跳已发送，200 OK
2025-07-24 19:02:35,297 [INFO] 心跳已发送，200 OK
2025-07-24 19:02:50,370 [INFO] 心跳已发送，200 OK
2025-07-24 19:03:05,438 [INFO] 心跳已发送，200 OK
2025-07-24 19:03:20,519 [INFO] 心跳已发送，200 OK
2025-07-24 19:03:35,596 [INFO] 心跳已发送，200 OK
2025-07-24 19:03:50,673 [INFO] 心跳已发送，200 OK
2025-07-24 19:04:05,737 [INFO] 心跳已发送，200 OK
2025-07-24 19:04:20,811 [INFO] 心跳已发送，200 OK
2025-07-24 19:04:35,874 [INFO] 心跳已发送，200 OK
2025-07-24 19:04:50,951 [INFO] 心跳已发送，200 OK
2025-07-24 19:05:06,008 [INFO] 心跳已发送，200 OK
2025-07-24 19:05:21,058 [INFO] 心跳已发送，200 OK
2025-07-24 19:05:36,124 [INFO] 心跳已发送，200 OK
2025-07-24 19:05:51,171 [INFO] 心跳已发送，200 OK
2025-07-24 19:06:06,230 [INFO] 心跳已发送，200 OK
2025-07-24 19:06:21,291 [INFO] 心跳已发送，200 OK
2025-07-24 19:06:36,359 [INFO] 心跳已发送，200 OK
2025-07-24 19:06:51,427 [INFO] 心跳已发送，200 OK
2025-07-24 19:07:06,473 [INFO] 心跳已发送，200 OK
2025-07-24 19:07:21,551 [INFO] 心跳已发送，200 OK
2025-07-24 19:07:36,598 [INFO] 心跳已发送，200 OK
2025-07-24 19:07:51,653 [INFO] 心跳已发送，200 OK
2025-07-24 19:08:06,719 [INFO] 心跳已发送，200 OK
2025-07-24 19:08:21,785 [INFO] 心跳已发送，200 OK
2025-07-24 19:08:36,847 [INFO] 心跳已发送，200 OK
2025-07-24 19:08:51,911 [INFO] 心跳已发送，200 OK
2025-07-24 19:09:06,979 [INFO] 心跳已发送，200 OK
2025-07-24 19:09:22,043 [INFO] 心跳已发送，200 OK
2025-07-24 19:09:37,105 [INFO] 心跳已发送，200 OK
2025-07-24 19:09:52,174 [INFO] 心跳已发送，200 OK
2025-07-24 19:10:07,243 [INFO] 心跳已发送，200 OK
2025-07-24 19:10:22,301 [INFO] 心跳已发送，200 OK
2025-07-24 19:10:37,375 [INFO] 心跳已发送，200 OK
2025-07-24 19:10:52,440 [INFO] 心跳已发送，200 OK
2025-07-24 19:11:07,497 [INFO] 心跳已发送，200 OK
2025-07-24 19:11:22,582 [INFO] 心跳已发送，200 OK
2025-07-24 19:11:37,651 [INFO] 心跳已发送，200 OK
2025-07-24 19:11:52,722 [INFO] 心跳已发送，200 OK
2025-07-24 19:12:07,781 [INFO] 心跳已发送，200 OK
2025-07-24 19:12:22,837 [INFO] 心跳已发送，200 OK
2025-07-24 19:12:37,948 [INFO] 心跳已发送，200 OK
2025-07-24 19:12:53,016 [INFO] 心跳已发送，200 OK
2025-07-24 19:13:08,064 [INFO] 心跳已发送，200 OK
2025-07-24 19:13:23,126 [INFO] 心跳已发送，200 OK
2025-07-24 19:13:38,186 [INFO] 心跳已发送，200 OK
2025-07-24 19:13:53,255 [INFO] 心跳已发送，200 OK
2025-07-24 19:14:08,323 [INFO] 心跳已发送，200 OK
2025-07-24 19:14:23,508 [INFO] 心跳已发送，200 OK
2025-07-24 19:14:38,580 [INFO] 心跳已发送，200 OK
2025-07-24 19:14:53,627 [INFO] 心跳已发送，200 OK
2025-07-24 19:15:08,689 [INFO] 心跳已发送，200 OK
2025-07-24 19:15:23,775 [INFO] 心跳已发送，200 OK
2025-07-24 19:15:38,867 [INFO] 心跳已发送，200 OK
2025-07-24 19:15:53,929 [INFO] 心跳已发送，200 OK
2025-07-24 19:16:09,012 [INFO] 心跳已发送，200 OK
2025-07-24 19:16:24,063 [INFO] 心跳已发送，200 OK
2025-07-24 19:16:39,114 [INFO] 心跳已发送，200 OK
2025-07-24 19:16:54,190 [INFO] 心跳已发送，200 OK
2025-07-24 19:17:09,269 [INFO] 心跳已发送，200 OK
2025-07-24 19:17:24,348 [INFO] 心跳已发送，200 OK
2025-07-24 19:17:39,394 [INFO] 心跳已发送，200 OK
2025-07-24 19:17:54,473 [INFO] 心跳已发送，200 OK
2025-07-24 19:18:09,522 [INFO] 心跳已发送，200 OK
2025-07-24 19:18:24,594 [INFO] 心跳已发送，200 OK
2025-07-24 19:18:39,663 [INFO] 心跳已发送，200 OK
2025-07-24 19:18:54,739 [INFO] 心跳已发送，200 OK
2025-07-24 19:19:09,801 [INFO] 心跳已发送，200 OK
2025-07-24 19:19:24,867 [INFO] 心跳已发送，200 OK
2025-07-24 19:19:40,004 [INFO] 心跳已发送，200 OK
2025-07-24 19:19:55,126 [INFO] 心跳已发送，200 OK
2025-07-24 19:20:10,241 [INFO] 心跳已发送，200 OK
2025-07-24 19:20:25,373 [INFO] 心跳已发送，200 OK
2025-07-24 19:20:40,495 [INFO] 心跳已发送，200 OK
2025-07-24 19:20:55,612 [INFO] 心跳已发送，200 OK
2025-07-24 19:21:10,747 [INFO] 心跳已发送，200 OK
2025-07-24 19:21:25,866 [INFO] 心跳已发送，200 OK
2025-07-24 19:21:40,995 [INFO] 心跳已发送，200 OK
2025-07-24 19:21:56,128 [INFO] 心跳已发送，200 OK
2025-07-24 19:22:11,260 [INFO] 心跳已发送，200 OK
2025-07-24 19:22:26,376 [INFO] 心跳已发送，200 OK
2025-07-24 19:22:41,493 [INFO] 心跳已发送，200 OK
2025-07-24 19:22:56,607 [INFO] 心跳已发送，200 OK
2025-07-24 19:23:16,976 [INFO] 通过 WMI 获取 CPU 序列：BFEBFBFF000906EA
2025-07-24 19:23:17,063 [INFO] 授权通过
2025-07-24 19:23:17,063 [INFO] 已设置 CLIENT_ID = a2704fbb612a4dbba9d42128d8b01398
2025-07-24 19:23:17,063 [INFO] 已设置 PSW = 1195
2025-07-24 19:23:17,186 [INFO] 心跳已发送，200 OK
2025-07-24 19:23:17,186 [INFO] 心跳间隔已设置为 15 秒
2025-07-24 19:23:35,372 [INFO] 心跳已发送，200 OK
2025-07-24 19:23:50,497 [INFO] 心跳已发送，200 OK
2025-07-24 19:24:10,536 [ERROR] 心跳异常：HTTPConnectionPool(host='localhost', port=38519): Read timed out. (read timeout=5)
2025-07-24 19:24:28,644 [INFO] 心跳已发送，200 OK
2025-07-24 19:24:43,774 [INFO] 心跳已发送，200 OK
2025-07-24 19:24:58,871 [INFO] 心跳已发送，200 OK
2025-07-24 19:25:14,009 [INFO] 心跳已发送，200 OK
2025-07-24 19:25:34,044 [ERROR] 心跳异常：HTTPConnectionPool(host='localhost', port=38519): Read timed out. (read timeout=5)
2025-07-24 19:25:54,072 [ERROR] 心跳异常：HTTPConnectionPool(host='localhost', port=38519): Read timed out. (read timeout=5)
2025-07-24 19:26:14,105 [ERROR] 心跳异常：HTTPConnectionPool(host='localhost', port=38519): Read timed out. (read timeout=5)
2025-07-24 19:26:34,151 [ERROR] 心跳异常：HTTPConnectionPool(host='localhost', port=38519): Read timed out. (read timeout=5)
2025-07-24 19:26:54,186 [ERROR] 心跳异常：HTTPConnectionPool(host='localhost', port=38519): Read timed out. (read timeout=5)
2025-07-24 19:27:14,220 [ERROR] 心跳异常：HTTPConnectionPool(host='localhost', port=38519): Read timed out. (read timeout=5)
2025-07-24 19:27:34,253 [ERROR] 心跳异常：HTTPConnectionPool(host='localhost', port=38519): Read timed out. (read timeout=5)
2025-07-24 19:27:54,270 [ERROR] 心跳异常：HTTPConnectionPool(host='localhost', port=38519): Read timed out. (read timeout=5)
2025-07-24 19:28:14,311 [ERROR] 心跳异常：HTTPConnectionPool(host='localhost', port=38519): Read timed out. (read timeout=5)
2025-07-24 19:28:34,330 [ERROR] 心跳异常：HTTPConnectionPool(host='localhost', port=38519): Read timed out. (read timeout=5)
2025-07-24 19:28:54,357 [ERROR] 心跳异常：HTTPConnectionPool(host='localhost', port=38519): Read timed out. (read timeout=5)
2025-07-24 19:29:14,404 [ERROR] 心跳异常：HTTPConnectionPool(host='localhost', port=38519): Read timed out. (read timeout=5)
2025-07-24 19:29:34,438 [ERROR] 心跳异常：HTTPConnectionPool(host='localhost', port=38519): Read timed out. (read timeout=5)
2025-07-24 19:29:49,512 [INFO] 心跳已发送，200 OK
2025-07-24 19:30:04,585 [INFO] 心跳已发送，200 OK
2025-07-24 19:30:19,657 [INFO] 心跳已发送，200 OK
2025-07-24 19:30:34,733 [INFO] 心跳已发送，200 OK
2025-07-24 19:30:49,806 [INFO] 心跳已发送，200 OK
2025-07-24 19:31:04,926 [INFO] 心跳已发送，200 OK
2025-07-24 19:31:19,997 [INFO] 心跳已发送，200 OK
2025-07-24 19:31:35,050 [INFO] 心跳已发送，200 OK
2025-07-24 19:31:50,112 [INFO] 心跳已发送，200 OK
2025-07-24 19:32:05,193 [INFO] 心跳已发送，200 OK
2025-07-24 19:32:20,257 [INFO] 心跳已发送，200 OK
2025-07-24 19:32:20,625 [INFO] 心跳暂停
2025-07-24 19:35:47,991 [INFO] 通过 WMI 获取 CPU 序列：BFEBFBFF000906EA
2025-07-24 19:35:48,076 [INFO] 授权通过
2025-07-24 19:35:48,077 [INFO] 已设置 CLIENT_ID = aaac94e4b2fd40bfa31229f1d4b0a994
2025-07-24 19:35:48,077 [INFO] 已设置 PSW = 1792
2025-07-24 19:35:48,150 [INFO] 心跳已发送，200 OK
2025-07-24 19:35:48,150 [INFO] 心跳间隔已设置为 15 秒
2025-07-24 19:36:03,218 [INFO] 心跳已发送，200 OK
2025-07-24 19:36:18,272 [INFO] 心跳已发送，200 OK
2025-07-24 19:36:33,324 [INFO] 心跳已发送，200 OK
2025-07-24 19:36:48,390 [INFO] 心跳已发送，200 OK
2025-07-24 19:37:03,459 [INFO] 心跳已发送，200 OK
2025-07-24 19:37:18,529 [INFO] 心跳已发送，200 OK
2025-07-24 19:37:33,599 [INFO] 心跳已发送，200 OK
2025-07-24 19:37:48,903 [INFO] 心跳已发送，200 OK
2025-07-24 19:38:03,967 [INFO] 心跳已发送，200 OK
2025-07-24 19:38:27,545 [INFO] 通过 WMI 获取 CPU 序列：BFEBFBFF000906EA
2025-07-24 19:38:27,622 [INFO] 授权通过
2025-07-24 19:38:27,622 [INFO] 已设置 CLIENT_ID = bda62d4394c34b0c8d3537c87ab3621e
2025-07-24 19:38:27,622 [INFO] 已设置 PSW = 0484
2025-07-24 19:38:27,684 [INFO] 心跳已发送，200 OK
2025-07-24 19:38:27,685 [INFO] 心跳间隔已设置为 15 秒
2025-07-24 19:38:42,732 [INFO] 心跳已发送，200 OK
2025-07-24 19:38:57,788 [INFO] 心跳已发送，200 OK
2025-07-24 19:39:12,856 [INFO] 心跳已发送，200 OK
2025-07-24 19:39:27,927 [INFO] 心跳已发送，200 OK
2025-07-24 19:39:28,360 [INFO] 心跳暂停
2025-07-24 19:40:47,983 [INFO] 心跳开启
2025-07-24 19:40:58,050 [INFO] 心跳已发送，200 OK
2025-07-24 19:41:13,116 [INFO] 心跳已发送，200 OK
2025-07-24 19:41:28,188 [INFO] 心跳已发送，200 OK
2025-07-24 19:41:43,235 [INFO] 心跳已发送，200 OK
2025-07-24 19:41:58,282 [INFO] 心跳已发送，200 OK
2025-07-24 19:41:58,431 [INFO] 心跳暂停
2025-07-24 19:44:19,873 [INFO] 心跳开启
2025-07-24 19:44:28,458 [INFO] 心跳已发送，200 OK
2025-07-24 19:44:43,522 [INFO] 心跳已发送，200 OK
2025-07-24 19:44:58,590 [INFO] 心跳已发送，200 OK
2025-07-24 19:45:13,640 [INFO] 心跳已发送，200 OK
2025-07-24 19:45:28,693 [INFO] 心跳已发送，200 OK
2025-07-24 19:45:43,779 [INFO] 心跳已发送，200 OK
2025-07-24 19:45:58,848 [INFO] 心跳已发送，200 OK
2025-07-24 19:46:13,922 [INFO] 心跳已发送，200 OK
2025-07-24 19:46:28,995 [INFO] 心跳已发送，200 OK
2025-07-24 19:46:44,057 [INFO] 心跳已发送，200 OK
2025-07-24 19:46:59,123 [INFO] 心跳已发送，200 OK
2025-07-24 19:47:14,182 [INFO] 心跳已发送，200 OK
2025-07-24 19:47:29,245 [INFO] 心跳已发送，200 OK
2025-07-24 19:47:44,504 [INFO] 心跳已发送，200 OK
2025-07-24 19:47:59,566 [INFO] 心跳已发送，200 OK
2025-07-24 19:48:14,623 [INFO] 心跳已发送，200 OK
2025-07-24 19:48:29,690 [INFO] 心跳已发送，200 OK
2025-07-24 19:48:44,757 [INFO] 心跳已发送，200 OK
2025-07-24 19:48:59,830 [INFO] 心跳已发送，200 OK
2025-07-24 19:49:14,905 [INFO] 心跳已发送，200 OK
2025-07-24 19:49:29,973 [INFO] 心跳已发送，200 OK
2025-07-24 19:49:45,029 [INFO] 心跳已发送，200 OK
2025-07-24 19:50:00,091 [INFO] 心跳已发送，200 OK
2025-07-24 19:50:15,141 [INFO] 心跳已发送，200 OK
2025-07-24 19:50:30,215 [INFO] 心跳已发送，200 OK
2025-07-24 19:50:45,290 [INFO] 心跳已发送，200 OK
2025-07-24 19:51:00,342 [INFO] 心跳已发送，200 OK
2025-07-24 19:51:15,406 [INFO] 心跳已发送，200 OK
2025-07-24 19:51:30,476 [INFO] 心跳已发送，200 OK
2025-07-24 19:51:45,552 [INFO] 心跳已发送，200 OK
2025-07-24 19:52:00,607 [INFO] 心跳已发送，200 OK
2025-07-24 19:52:15,671 [INFO] 心跳已发送，200 OK
2025-07-24 19:52:30,742 [INFO] 心跳已发送，200 OK
2025-07-24 19:52:45,812 [INFO] 心跳已发送，200 OK
2025-07-24 19:53:00,912 [INFO] 心跳已发送，200 OK
2025-07-24 19:53:15,981 [INFO] 心跳已发送，200 OK
2025-07-24 19:53:31,052 [INFO] 心跳已发送，200 OK
2025-07-24 19:53:46,116 [INFO] 心跳已发送，200 OK
2025-07-24 19:53:51,057 [ERROR] An error occurred in the main loop
Traceback (most recent call last):
  File "D:\pythonProject\pythonProject1\nhdz_alarm\venv\Lib\site-packages\pystray\_win32.py", line 147, in _mainloop
    r = win32.GetMessage(lpmsg, None, 0, 0)
        ^^^^^^^^^^^^^^^^^^^^^^^^^^^^^^^^^^^
KeyboardInterrupt
2025-07-24 19:54:49,927 [INFO] 通过 WMI 获取 CPU 序列：BFEBFBFF000906EA
2025-07-24 19:54:50,007 [INFO] 授权通过
2025-07-24 19:54:50,008 [INFO] 已设置 CLIENT_ID = bda62d4394c34b0c8d3537c87ab3621e
2025-07-24 19:54:50,008 [INFO] 已设置 PSW = 0484
2025-07-24 19:54:50,182 [INFO] 心跳已发送，200 OK
2025-07-24 19:54:50,182 [INFO] 心跳间隔已设置为 15 秒
2025-07-24 19:55:05,248 [INFO] 心跳已发送，200 OK
2025-07-24 19:55:20,310 [INFO] 心跳已发送，200 OK
2025-07-24 19:55:35,362 [INFO] 心跳已发送，200 OK
2025-07-24 19:56:30,856 [INFO] 通过 WMI 获取 CPU 序列：BFEBFBFF000906EA
2025-07-24 19:56:33,852 [INFO] 授权通过
2025-07-24 19:56:33,852 [INFO] 已设置 CLIENT_ID = bda62d4394c34b0c8d3537c87ab3621e
2025-07-24 19:56:33,852 [INFO] 已设置 PSW = 0484
2025-07-24 19:56:33,898 [INFO] 心跳已发送，200 OK
2025-07-24 19:56:33,898 [INFO] 心跳间隔已设置为 15 秒
2025-07-24 19:56:48,954 [INFO] 心跳已发送，200 OK
2025-07-24 19:57:04,146 [INFO] 心跳已发送，200 OK
2025-07-24 19:57:19,219 [INFO] 心跳已发送，200 OK
2025-07-24 19:57:34,293 [INFO] 心跳已发送，200 OK
2025-07-24 19:57:49,349 [INFO] 心跳已发送，200 OK
2025-07-24 19:58:04,424 [INFO] 心跳已发送，200 OK
2025-07-24 19:58:19,492 [INFO] 心跳已发送，200 OK
2025-07-24 19:58:19,776 [INFO] 已更新服务器地址为：https://www.haoyuyao.cn:444
2025-07-24 19:58:37,478 [INFO] 心跳已发送，200 OK
2025-07-24 19:58:52,726 [INFO] 心跳已发送，200 OK
2025-07-24 19:59:05,974 [INFO] 心跳暂停
2025-07-24 19:59:59,334 [INFO] 心跳开启
2025-07-24 20:00:07,997 [INFO] 心跳已发送，200 OK
2025-07-24 20:00:23,240 [INFO] 心跳已发送，200 OK
2025-07-24 20:00:38,509 [INFO] 心跳已发送，200 OK
2025-07-24 20:00:53,730 [INFO] 心跳已发送，200 OK
2025-07-24 20:01:08,960 [INFO] 心跳已发送，200 OK
2025-07-24 20:01:24,190 [INFO] 心跳已发送，200 OK
2025-07-24 20:01:39,464 [INFO] 心跳已发送，200 OK
2025-07-24 20:01:54,703 [INFO] 心跳已发送，200 OK
2025-07-24 20:02:09,919 [INFO] 心跳已发送，200 OK
2025-07-24 20:02:25,173 [INFO] 心跳已发送，200 OK
2025-07-24 20:02:40,434 [INFO] 心跳已发送，200 OK
2025-07-24 20:02:55,692 [INFO] 心跳已发送，200 OK
2025-07-24 20:03:10,948 [INFO] 心跳已发送，200 OK
2025-07-24 20:03:26,180 [INFO] 心跳已发送，200 OK
2025-07-24 20:03:41,443 [INFO] 心跳已发送，200 OK
2025-07-24 20:03:56,661 [INFO] 心跳已发送，200 OK
2025-07-24 20:04:11,907 [INFO] 心跳已发送，200 OK
2025-07-24 20:11:57,800 [INFO] 通过 WMI 获取 CPU 序列：BFEBFBFF000906EA
2025-07-24 20:11:58,814 [ERROR] activate_once 异常：HTTPSConnectionPool(host='www.haoyuyao.cn', port=444): Max retries exceeded with url: /ajax/heartbeatHandler.ashx (Caused by SSLError(SSLEOFError(8, 'EOF occurred in violation of protocol (_ssl.c:1002)')))
2025-07-24 20:11:58,814 [INFO] 授权失败，已暂停心跳
2025-07-24 20:11:58,814 [INFO] 心跳间隔已设置为 15 秒
2025-07-24 20:12:16,208 [INFO] 退出程序
2025-07-24 20:12:25,028 [INFO] 通过 WMI 获取 CPU 序列：BFEBFBFF000906EA
2025-07-24 20:12:26,054 [ERROR] activate_once 异常：HTTPSConnectionPool(host='www.haoyuyao.cn', port=444): Max retries exceeded with url: /ajax/heartbeatHandler.ashx (Caused by SSLError(SSLEOFError(8, 'EOF occurred in violation of protocol (_ssl.c:1002)')))
2025-07-24 20:12:26,054 [INFO] 授权失败，已暂停心跳
2025-07-24 20:12:26,055 [INFO] 心跳间隔已设置为 15 秒
2025-07-24 20:12:46,067 [INFO] 授权重试第 1 次…
2025-07-24 20:12:47,289 [INFO] 通过 WMI 获取 CPU 序列：BFEBFBFF000906EA
2025-07-24 20:12:48,318 [ERROR] activate_once 异常：HTTPSConnectionPool(host='www.haoyuyao.cn', port=444): Max retries exceeded with url: /ajax/heartbeatHandler.ashx (Caused by SSLError(SSLEOFError(8, 'EOF occurred in violation of protocol (_ssl.c:1002)')))
2025-07-24 20:27:29,028 [INFO] 通过 WMI 获取 CPU 序列：BFEBFBFF000906EA
2025-07-24 20:27:29,241 [INFO] 授权通过
2025-07-24 20:27:29,241 [INFO] 已设置 CLIENT_ID = bda62d4394c34b0c8d3537c87ab3621e
2025-07-24 20:27:29,430 [INFO] 心跳已发送，200 OK
2025-07-24 20:27:29,430 [INFO] 心跳间隔已设置为 15 秒
2025-07-24 20:43:35,597 [INFO] 通过 WMI 获取 CPU 序列：BFEBFBFF000906EA
2025-07-24 20:43:35,841 [INFO] 授权通过
2025-07-24 20:43:35,842 [INFO] 已设置 CLIENT_ID = bda62d4394c34b0c8d3537c87ab3621e
2025-07-24 20:43:36,035 [INFO] 心跳已发送，200 OK
2025-07-24 20:43:36,036 [INFO] 心跳间隔已设置为 15 秒
2025-07-24 20:43:51,293 [INFO] 心跳已发送，200 OK
2025-07-24 20:44:06,504 [INFO] 心跳已发送，200 OK
2025-07-24 20:50:37,972 [INFO] 通过 WMI 获取 CPU 序列：BFEBFBFF000906EA
2025-07-24 20:50:38,198 [INFO] 授权通过
2025-07-24 20:50:38,198 [INFO] 已设置 CLIENT_ID = bda62d4394c34b0c8d3537c87ab3621e
2025-07-24 20:50:38,381 [INFO] 心跳已发送，200 OK
2025-07-24 20:50:38,382 [INFO] 心跳间隔已设置为 15 秒
2025-07-24 20:50:53,619 [INFO] 心跳已发送，200 OK
2025-07-24 20:51:08,863 [INFO] 心跳已发送，200 OK
2025-07-24 20:51:10,622 [INFO] 退出程序
2025-07-24 20:57:00,904 [INFO] 通过 WMI 获取 CPU 序列：BFEBFBFF000906EA
2025-07-24 20:57:01,125 [INFO] 授权通过
2025-07-24 20:57:01,125 [INFO] 已设置 CLIENT_ID = bda62d4394c34b0c8d3537c87ab3621e
2025-07-24 20:57:01,310 [INFO] 心跳已发送，200 OK
2025-07-24 20:57:01,310 [INFO] 心跳间隔已设置为 15 秒
2025-07-24 20:57:16,551 [INFO] 心跳已发送，200 OK
2025-07-24 20:57:31,787 [INFO] 心跳已发送，200 OK
2025-07-24 20:57:47,035 [INFO] 心跳已发送，200 OK
2025-07-24 20:57:59,682 [INFO] 心跳暂停
2025-07-24 20:58:47,030 [INFO] 心跳开启
2025-07-24 20:58:47,261 [INFO] 心跳已发送，200 OK
2025-07-24 20:59:02,531 [INFO] 心跳已发送，200 OK
2025-07-24 20:59:17,732 [INFO] 心跳已发送，200 OK
2025-07-24 20:59:32,994 [INFO] 心跳已发送，200 OK
2025-07-24 20:59:48,216 [INFO] 心跳已发送，200 OK
2025-07-24 21:00:03,488 [INFO] 心跳已发送，200 OK
2025-07-24 21:00:18,729 [INFO] 心跳已发送，200 OK
2025-07-24 21:00:33,987 [INFO] 心跳已发送，200 OK
2025-07-24 21:00:49,219 [INFO] 心跳已发送，200 OK
2025-07-24 21:01:04,481 [INFO] 心跳已发送，200 OK
2025-07-24 21:01:19,717 [INFO] 心跳已发送，200 OK
2025-07-24 21:01:34,930 [INFO] 心跳已发送，200 OK
2025-07-24 21:01:50,160 [INFO] 心跳已发送，200 OK
2025-07-24 21:01:54,191 [ERROR] An error occurred in the main loop
Traceback (most recent call last):
  File "D:\pythonProject\pythonProject1\nhdz_alarm\venv\Lib\site-packages\pystray\_win32.py", line 147, in _mainloop
    r = win32.GetMessage(lpmsg, None, 0, 0)
        ^^^^^^^^^^^^^^^^^^^^^^^^^^^^^^^^^^^
KeyboardInterrupt
2025-07-24 21:24:27,058 [INFO] 通过 WMI 获取 CPU 序列：BFEBFBFF000906EA
2025-07-24 21:24:27,295 [INFO] 授权通过
2025-07-24 21:24:27,295 [INFO] 已设置 CLIENT_ID = bda62d4394c34b0c8d3537c87ab3621e
2025-07-24 21:24:27,477 [INFO] 心跳已发送，200 OK
2025-07-24 21:24:27,478 [INFO] 心跳间隔已设置为 15 秒
2025-07-24 21:42:21,426 [INFO] 通过 WMI 获取 CPU 序列：BFEBFBFF000906EA
2025-07-24 21:42:23,781 [INFO] 授权通过
2025-07-24 21:42:23,781 [INFO] 已设置 CLIENT_ID = bda62d4394c34b0c8d3537c87ab3621e
2025-07-24 21:42:23,982 [INFO] 心跳已发送，200 OK
2025-07-24 21:42:23,983 [INFO] 心跳间隔已设置为 15 秒
2025-07-24 21:42:39,242 [INFO] 心跳已发送，200 OK
2025-07-24 21:42:54,452 [INFO] 心跳已发送，200 OK
2025-07-24 21:43:09,692 [INFO] 心跳已发送，200 OK
2025-07-24 21:43:10,370 [ERROR] An error occurred when calling message handler
Traceback (most recent call last):
  File "D:\pythonProject\pythonProject1\nhdz_alarm\venv\Lib\site-packages\pystray\_win32.py", line 412, in _dispatcher
    return int(icon._message_handlers.get(
               ^^^^^^^^^^^^^^^^^^^^^^^^^^^
  File "D:\pythonProject\pythonProject1\nhdz_alarm\venv\Lib\site-packages\pystray\_win32.py", line 224, in _on_notify
    descriptors[index - 1](self)
  File "D:\pythonProject\pythonProject1\nhdz_alarm\venv\Lib\site-packages\pystray\_base.py", line 328, in inner
    callback(self)
  File "D:\pythonProject\pythonProject1\nhdz_alarm\venv\Lib\site-packages\pystray\_base.py", line 453, in __call__
    return self._action(icon, self)
           ^^^^^^^^^^^^^^^^^^^^^^^^
  File "D:\pythonProject\pythonProject1\nhdz_alarm\main.py", line 82, in modify_server
    root = tk.Tk(); root.withdraw(); root.attributes(" -topmost", True)
                                     ^^^^^^^^^^^^^^^^^^^^^^^^^^^^^^^^^^
  File "C:\Python311\Lib\tkinter\__init__.py", line 2032, in wm_attributes
    return self.tk.call(args)
           ^^^^^^^^^^^^^^^^^^
_tkinter.TclError: bad attribute " -topmost": must be -alpha, -transparentcolor, -disabled, -fullscreen, -toolwindow, or -topmost
2025-07-24 21:43:24,937 [INFO] 心跳已发送，200 OK
2025-07-24 21:43:33,191 [ERROR] An error occurred when calling message handler
Traceback (most recent call last):
  File "D:\pythonProject\pythonProject1\nhdz_alarm\venv\Lib\site-packages\pystray\_win32.py", line 412, in _dispatcher
    return int(icon._message_handlers.get(
               ^^^^^^^^^^^^^^^^^^^^^^^^^^^
  File "D:\pythonProject\pythonProject1\nhdz_alarm\venv\Lib\site-packages\pystray\_win32.py", line 224, in _on_notify
    descriptors[index - 1](self)
  File "D:\pythonProject\pythonProject1\nhdz_alarm\venv\Lib\site-packages\pystray\_base.py", line 328, in inner
    callback(self)
  File "D:\pythonProject\pythonProject1\nhdz_alarm\venv\Lib\site-packages\pystray\_base.py", line 453, in __call__
    return self._action(icon, self)
           ^^^^^^^^^^^^^^^^^^^^^^^^
  File "D:\pythonProject\pythonProject1\nhdz_alarm\main.py", line 82, in modify_server
    root = tk.Tk(); root.withdraw(); root.attributes(" -topmost", True)
                                     ^^^^^^^^^^^^^^^^^^^^^^^^^^^^^^^^^^
  File "C:\Python311\Lib\tkinter\__init__.py", line 2032, in wm_attributes
    return self.tk.call(args)
           ^^^^^^^^^^^^^^^^^^
_tkinter.TclError: bad attribute " -topmost": must be -alpha, -transparentcolor, -disabled, -fullscreen, -toolwindow, or -topmost
2025-07-24 21:43:40,174 [INFO] 心跳已发送，200 OK
2025-07-24 21:43:55,389 [INFO] 心跳已发送，200 OK
2025-07-24 21:44:10,601 [INFO] 心跳已发送，200 OK
2025-07-24 21:44:25,829 [INFO] 心跳已发送，200 OK
2025-07-24 21:44:41,054 [INFO] 心跳已发送，200 OK
2025-07-24 21:44:56,280 [INFO] 心跳已发送，200 OK
2025-07-24 21:45:11,502 [INFO] 心跳已发送，200 OK
2025-07-24 21:45:23,530 [ERROR] An error occurred when calling message handler
Traceback (most recent call last):
  File "D:\pythonProject\pythonProject1\nhdz_alarm\venv\Lib\site-packages\pystray\_win32.py", line 412, in _dispatcher
    return int(icon._message_handlers.get(
               ^^^^^^^^^^^^^^^^^^^^^^^^^^^
  File "D:\pythonProject\pythonProject1\nhdz_alarm\venv\Lib\site-packages\pystray\_win32.py", line 224, in _on_notify
    descriptors[index - 1](self)
  File "D:\pythonProject\pythonProject1\nhdz_alarm\venv\Lib\site-packages\pystray\_base.py", line 328, in inner
    callback(self)
  File "D:\pythonProject\pythonProject1\nhdz_alarm\venv\Lib\site-packages\pystray\_base.py", line 453, in __call__
    return self._action(icon, self)
           ^^^^^^^^^^^^^^^^^^^^^^^^
  File "D:\pythonProject\pythonProject1\nhdz_alarm\main.py", line 82, in modify_server
    root = tk.Tk(); root.withdraw(); root.attributes(" -topmost", True)
                                     ^^^^^^^^^^^^^^^^^^^^^^^^^^^^^^^^^^
  File "C:\Python311\Lib\tkinter\__init__.py", line 2032, in wm_attributes
    return self.tk.call(args)
           ^^^^^^^^^^^^^^^^^^
_tkinter.TclError: bad attribute " -topmost": must be -alpha, -transparentcolor, -disabled, -fullscreen, -toolwindow, or -topmost
2025-07-24 21:45:26,772 [INFO] 心跳已发送，200 OK
2025-07-24 21:45:42,022 [INFO] 心跳已发送，200 OK
2025-07-24 21:45:57,270 [INFO] 心跳已发送，200 OK
2025-07-24 21:46:12,531 [INFO] 心跳已发送，200 OK
2025-07-24 21:46:27,755 [INFO] 心跳已发送，200 OK
2025-07-24 21:46:43,025 [INFO] 心跳已发送，200 OK
2025-07-24 21:46:52,594 [ERROR] An error occurred in the main loop
Traceback (most recent call last):
  File "D:\pythonProject\pythonProject1\nhdz_alarm\venv\Lib\site-packages\pystray\_win32.py", line 147, in _mainloop
    r = win32.GetMessage(lpmsg, None, 0, 0)
        ^^^^^^^^^^^^^^^^^^^^^^^^^^^^^^^^^^^
KeyboardInterrupt
2025-07-24 21:46:55,880 [INFO] 通过 WMI 获取 CPU 序列：BFEBFBFF000906EA
2025-07-24 21:46:56,086 [INFO] 授权通过
2025-07-24 21:46:56,086 [INFO] 已设置 CLIENT_ID = bda62d4394c34b0c8d3537c87ab3621e
2025-07-24 21:46:56,270 [INFO] 心跳已发送，200 OK
2025-07-24 21:46:56,270 [INFO] 心跳间隔已设置为 15 秒
2025-07-24 21:47:11,518 [INFO] 心跳已发送，200 OK
2025-07-24 21:47:17,108 [INFO] 已更新服务器地址为：https://www.haoyuyao.cn:444
2025-07-24 21:47:26,770 [INFO] 心跳已发送，200 OK
2025-07-24 21:47:41,992 [INFO] 心跳已发送，200 OK
2025-07-24 21:47:57,230 [INFO] 心跳已发送，200 OK
2025-07-24 21:48:12,458 [INFO] 心跳已发送，200 OK
2025-07-24 21:48:27,701 [INFO] 心跳已发送，200 OK
2025-07-24 21:48:34,118 [INFO] 通过 WMI 获取 CPU 序列：BFEBFBFF000906EA
2025-07-24 21:48:34,363 [INFO] 授权通过
2025-07-24 21:48:34,364 [INFO] 已设置 CLIENT_ID = bda62d4394c34b0c8d3537c87ab3621e
2025-07-24 21:48:34,553 [INFO] 心跳已发送，200 OK
2025-07-24 21:48:34,554 [INFO] 心跳间隔已设置为 15 秒
2025-07-24 21:48:49,901 [INFO] 心跳已发送，200 OK
2025-07-24 21:48:54,724 [INFO] 已更新服务器地址为：http://localhost:38519
2025-07-24 21:49:04,978 [INFO] 心跳已发送，200 OK
2025-07-24 21:49:20,051 [INFO] 心跳已发送，200 OK
2025-07-24 21:49:35,122 [INFO] 心跳已发送，200 OK
2025-07-24 21:49:55,154 [ERROR] 心跳异常：HTTPConnectionPool(host='localhost', port=38519): Read timed out. (read timeout=5)
2025-07-24 21:51:02,623 [INFO] 通过 WMI 获取 CPU 序列：BFEBFBFF000906EA
2025-07-24 21:51:02,710 [INFO] 授权通过
2025-07-24 21:51:02,710 [INFO] 已设置 CLIENT_ID = bda62d4394c34b0c8d3537c87ab3621e
2025-07-24 21:51:02,749 [INFO] 心跳已发送，200 OK
2025-07-24 21:51:02,749 [INFO] 心跳间隔已设置为 15 秒
2025-07-24 21:51:17,825 [INFO] 心跳已发送，200 OK
2025-07-24 21:53:02,098 [INFO] 通过 WMI 获取 CPU 序列：BFEBFBFF000906EA
2025-07-24 21:53:06,190 [ERROR] activate_once 异常：HTTPConnectionPool(host='localhost', port=38519): Max retries exceeded with url: /ajax/heartbeatHandler.ashx (Caused by NewConnectionError('<urllib3.connection.HTTPConnection object at 0x0000014CA6A7E650>: Failed to establish a new connection: [WinError 10061] 由于目标计算机积极拒绝，无法连接。'))
2025-07-24 21:53:06,191 [INFO] 授权失败，已暂停心跳
2025-07-24 21:53:06,192 [INFO] 心跳间隔已设置为 15 秒
2025-07-24 21:53:26,204 [INFO] 授权重试第 1 次…
2025-07-24 21:53:27,402 [INFO] 通过 WMI 获取 CPU 序列：BFEBFBFF000906EA
2025-07-24 21:53:31,503 [ERROR] activate_once 异常：HTTPConnectionPool(host='localhost', port=38519): Max retries exceeded with url: /ajax/heartbeatHandler.ashx (Caused by NewConnectionError('<urllib3.connection.HTTPConnection object at 0x0000014CA6CDB210>: Failed to establish a new connection: [WinError 10061] 由于目标计算机积极拒绝，无法连接。'))
2025-07-24 21:53:41,830 [INFO] 已更新服务器地址为：https://www.haoyuyao.cn:444
2025-07-24 21:53:51,516 [INFO] 授权重试第 2 次…
2025-07-24 21:53:52,674 [INFO] 通过 WMI 获取 CPU 序列：BFEBFBFF000906EA
2025-07-24 21:53:53,107 [INFO] 已设置 CLIENT_ID = bda62d4394c34b0c8d3537c87ab3621e
2025-07-24 21:53:53,107 [INFO] 重试激活成功，恢复心跳
2025-07-24 21:53:53,295 [INFO] 心跳已发送，200 OK
2025-07-24 21:54:08,533 [INFO] 心跳已发送，200 OK
2025-07-24 21:54:23,759 [INFO] 心跳已发送，200 OK
2025-07-25 17:26:00,587 [INFO] 通过 WMI 获取 CPU 序列：BFEBFBFF000906EA
2025-07-25 17:26:00,870 [INFO] 授权通过
2025-07-25 17:26:00,870 [INFO] 已设置 CLIENT_ID = bda62d4394c34b0c8d3537c87ab3621e
2025-07-25 17:26:01,045 [INFO] 心跳已发送，200 OK
2025-07-25 17:26:01,046 [INFO] 心跳间隔已设置为 15 秒
2025-07-25 17:26:16,308 [INFO] 心跳已发送，200 OK
2025-07-25 17:26:19,742 [INFO] 已更新服务器地址为：http://localhost:38519
2025-07-25 17:26:31,378 [INFO] 心跳已发送，200 OK
2025-07-25 17:26:46,449 [INFO] 心跳已发送，200 OK
2025-07-25 17:27:01,510 [INFO] 心跳已发送，200 OK
2025-07-25 17:27:16,565 [INFO] 心跳已发送，200 OK
2025-07-25 17:27:28,001 [INFO] 退出程序
2025-07-25 17:32:27,414 [INFO] 通过 WMI 获取 CPU 序列：BFEBFBFF000906EA
2025-07-25 17:32:27,508 [INFO] 授权通过
2025-07-25 17:32:27,508 [INFO] 已设置 CLIENT_ID = bda62d4394c34b0c8d3537c87ab3621e
2025-07-25 17:32:27,566 [INFO] 心跳已发送，200 OK
2025-07-25 17:32:27,566 [INFO] 心跳间隔已设置为 15 秒
2025-07-25 17:32:42,636 [INFO] 心跳已发送，200 OK
2025-07-25 17:32:57,417 [INFO] 退出程序
2025-07-25 17:53:25,027 [INFO] 通过 WMI 获取 CPU 序列：BFEBFBFF000906EA
2025-07-25 17:53:25,105 [INFO] 授权通过
2025-07-25 17:53:25,106 [INFO] 已设置 CLIENT_ID = bda62d4394c34b0c8d3537c87ab3621e
2025-07-25 17:53:25,167 [INFO] 心跳已发送，200 OK
2025-07-25 17:53:25,168 [INFO] 心跳间隔已设置为 15 秒
2025-07-25 17:53:40,245 [INFO] 心跳已发送，200 OK
2025-07-25 17:53:50,220 [INFO] 退出程序
2025-07-25 22:05:14,038 [INFO] 通过 WMI 获取 CPU 序列：BFEBFBFF000906EA
2025-07-25 22:05:14,375 [INFO] 授权通过
2025-07-25 22:05:14,376 [INFO] 已设置 CLIENT_ID = bda62d4394c34b0c8d3537c87ab3621e
2025-07-25 22:05:14,447 [INFO] 心跳已发送，200 OK
2025-07-25 22:05:14,447 [INFO] 心跳间隔已设置为 15 秒
2025-07-25 22:05:29,513 [INFO] 心跳已发送，200 OK
2025-07-25 22:05:41,375 [INFO] 退出程序
2025-07-25 22:10:50,808 [INFO] 通过 WMI 获取 CPU 序列：BFEBFBFF000906EA
2025-07-25 22:10:50,887 [INFO] 授权通过
2025-07-25 22:10:50,887 [INFO] 已设置 CLIENT_ID = bda62d4394c34b0c8d3537c87ab3621e
2025-07-25 22:10:50,950 [INFO] 心跳已发送，200 OK
2025-07-25 22:10:50,951 [INFO] 心跳间隔已设置为 15 秒
2025-07-25 22:11:05,998 [INFO] 心跳已发送，200 OK
2025-07-25 22:11:18,837 [INFO] 退出程序
2025-07-25 22:22:26,190 [INFO] 通过 WMI 获取 CPU 序列：BFEBFBFF000906EA
2025-07-25 22:22:26,282 [INFO] 授权通过
2025-07-25 22:22:26,283 [INFO] 已设置 CLIENT_ID = bda62d4394c34b0c8d3537c87ab3621e
2025-07-25 22:22:26,357 [INFO] 心跳已发送，200 OK
2025-07-25 22:22:26,358 [INFO] 心跳间隔已设置为 15 秒
2025-07-25 22:22:41,440 [INFO] 心跳已发送，200 OK
2025-07-25 22:22:47,859 [INFO] 退出程序
2025-07-25 22:30:32,769 [INFO] 通过 WMI 获取 CPU 序列：BFEBFBFF000906EA
2025-07-25 22:30:32,847 [INFO] 授权通过
2025-07-25 22:30:32,847 [INFO] 已设置 CLIENT_ID = bda62d4394c34b0c8d3537c87ab3621e
2025-07-25 22:30:32,897 [INFO] 心跳已发送，200 OK
2025-07-25 22:30:32,898 [INFO] 心跳间隔已设置为 15 秒
2025-07-25 22:30:47,977 [INFO] 心跳已发送，200 OK
2025-07-25 22:31:00,945 [INFO] 退出程序
2025-07-25 23:07:46,170 [INFO] 通过 WMI 获取 CPU 序列：BFEBFBFF000906EA
2025-07-25 23:07:50,265 [ERROR] activate_once 异常：HTTPConnectionPool(host='localhost', port=38519): Max retries exceeded with url: /ajax/heartbeatHandler.ashx (Caused by NewConnectionError('<urllib3.connection.HTTPConnection object at 0x00000201388BE650>: Failed to establish a new connection: [WinError 10061] 由于目标计算机积极拒绝，无法连接。'))
2025-07-25 23:07:50,265 [INFO] 授权失败，已暂停心跳
2025-07-25 23:07:50,266 [INFO] 心跳间隔已设置为 15 秒
2025-07-25 23:08:19,119 [INFO] 通过 WMI 获取 CPU 序列：BFEBFBFF000906EA
2025-07-25 23:08:23,243 [ERROR] activate_once 异常：HTTPConnectionPool(host='localhost', port=38519): Max retries exceeded with url: /ajax/heartbeatHandler.ashx (Caused by NewConnectionError('<urllib3.connection.HTTPConnection object at 0x000002369F86E5D0>: Failed to establish a new connection: [WinError 10061] 由于目标计算机积极拒绝，无法连接。'))
2025-07-25 23:08:23,243 [INFO] 授权失败，已暂停心跳
2025-07-25 23:08:23,244 [INFO] 心跳间隔已设置为 15 秒
2025-07-25 23:08:43,257 [INFO] 授权重试第 1 次…
2025-07-25 23:08:44,436 [INFO] 通过 WMI 获取 CPU 序列：BFEBFBFF000906EA
2025-07-25 23:08:48,491 [ERROR] activate_once 异常：HTTPConnectionPool(host='localhost', port=38519): Max retries exceeded with url: /ajax/heartbeatHandler.ashx (Caused by NewConnectionError('<urllib3.connection.HTTPConnection object at 0x000002369F8B1D50>: Failed to establish a new connection: [WinError 10061] 由于目标计算机积极拒绝，无法连接。'))
2025-07-25 23:09:27,414 [INFO] 通过 WMI 获取 CPU 序列：BFEBFBFF000906EA
2025-07-25 23:09:31,494 [ERROR] activate_once 异常：HTTPConnectionPool(host='localhost', port=38519): Max retries exceeded with url: /ajax/heartbeatHandler.ashx (Caused by NewConnectionError('<urllib3.connection.HTTPConnection object at 0x00000168BC061ED0>: Failed to establish a new connection: [WinError 10061] 由于目标计算机积极拒绝，无法连接。'))
2025-07-25 23:09:31,494 [INFO] 授权失败，已暂停心跳
2025-07-25 23:09:31,495 [INFO] 心跳间隔已设置为 15 秒
2025-07-25 23:09:51,506 [INFO] 授权重试第 1 次…
2025-07-25 23:09:52,701 [INFO] 通过 WMI 获取 CPU 序列：BFEBFBFF000906EA
2025-07-25 23:09:56,737 [ERROR] activate_once 异常：HTTPConnectionPool(host='localhost', port=38519): Max retries exceeded with url: /ajax/heartbeatHandler.ashx (Caused by NewConnectionError('<urllib3.connection.HTTPConnection object at 0x00000168C088A8D0>: Failed to establish a new connection: [WinError 10061] 由于目标计算机积极拒绝，无法连接。'))
2025-07-25 23:10:16,803 [INFO] 授权重试第 2 次…
2025-07-25 23:10:18,087 [INFO] 通过 WMI 获取 CPU 序列：BFEBFBFF000906EA
2025-07-25 23:10:18,211 [INFO] 已设置 CLIENT_ID = bda62d4394c34b0c8d3537c87ab3621e
2025-07-25 23:10:18,212 [INFO] 重试激活成功，恢复心跳
2025-07-25 23:10:18,285 [INFO] 心跳已发送，200 OK
2025-07-25 23:10:33,363 [INFO] 心跳已发送，200 OK
2025-07-25 23:17:12,634 [INFO] 通过 WMI 获取 CPU 序列：BFEBFBFF000906EA
2025-07-25 23:17:12,716 [INFO] 授权通过
2025-07-25 23:17:12,716 [INFO] 已设置 CLIENT_ID = bda62d4394c34b0c8d3537c87ab3621e
2025-07-25 23:17:12,776 [INFO] 心跳已发送，200 OK
2025-07-25 23:17:12,777 [INFO] 心跳间隔已设置为 15 秒
2025-07-25 23:17:17,114 [ERROR] An error occurred when calling message handler
Traceback (most recent call last):
  File "D:\pythonProject\pythonProject1\nhdz_alarm\venv\Lib\site-packages\pystray\_win32.py", line 412, in _dispatcher
    return int(icon._message_handlers.get(
               ^^^^^^^^^^^^^^^^^^^^^^^^^^^
  File "D:\pythonProject\pythonProject1\nhdz_alarm\venv\Lib\site-packages\pystray\_win32.py", line 224, in _on_notify
    descriptors[index - 1](self)
  File "D:\pythonProject\pythonProject1\nhdz_alarm\venv\Lib\site-packages\pystray\_base.py", line 328, in inner
    callback(self)
  File "D:\pythonProject\pythonProject1\nhdz_alarm\venv\Lib\site-packages\pystray\_base.py", line 453, in __call__
    return self._action(icon, self)
           ^^^^^^^^^^^^^^^^^^^^^^^^
  File "D:\pythonProject\pythonProject1\nhdz_alarm\main.py", line 275, in set_interval
    if PSW and not check_password():
                   ^^^^^^^^^^^^^^^^
  File "D:\pythonProject\pythonProject1\nhdz_alarm\main.py", line 210, in check_password
    pwd = simpledialog.askstring('验证','请输入操作密码：', show='*', parent=_root)
          ^^^^^^^^^^^^^^^^^^^^^^^^^^^^^^^^^^^^^^^^^^^^^^^^^^^^^^^^^^^^^^^
  File "C:\Python311\Lib\tkinter\simpledialog.py", line 411, in askstring
    d = _QueryString(title, prompt, **kw)
        ^^^^^^^^^^^^^^^^^^^^^^^^^^^^^^^^^
  File "C:\Python311\Lib\tkinter\simpledialog.py", line 388, in __init__
    _QueryDialog.__init__(self, *args, **kw)
  File "C:\Python311\Lib\tkinter\simpledialog.py", line 283, in __init__
    Dialog.__init__(self, parent, title)
  File "C:\Python311\Lib\tkinter\simpledialog.py", line 143, in __init__
    self.wait_visibility()
  File "C:\Python311\Lib\tkinter\__init__.py", line 752, in wait_visibility
    self.tk.call('tkwait', 'visibility', window._w)
_tkinter.TclError: window ".!_querystring" was deleted before its visibility changed
2025-07-25 23:17:21,980 [ERROR] An error occurred when calling message handler
Traceback (most recent call last):
  File "D:\pythonProject\pythonProject1\nhdz_alarm\venv\Lib\site-packages\pystray\_win32.py", line 412, in _dispatcher
    return int(icon._message_handlers.get(
               ^^^^^^^^^^^^^^^^^^^^^^^^^^^
  File "D:\pythonProject\pythonProject1\nhdz_alarm\venv\Lib\site-packages\pystray\_win32.py", line 224, in _on_notify
    descriptors[index - 1](self)
  File "D:\pythonProject\pythonProject1\nhdz_alarm\venv\Lib\site-packages\pystray\_base.py", line 328, in inner
    callback(self)
  File "D:\pythonProject\pythonProject1\nhdz_alarm\venv\Lib\site-packages\pystray\_base.py", line 453, in __call__
    return self._action(icon, self)
           ^^^^^^^^^^^^^^^^^^^^^^^^
  File "D:\pythonProject\pythonProject1\nhdz_alarm\main.py", line 73, in modify_server
    if PSW and not check_password():
                   ^^^^^^^^^^^^^^^^
  File "D:\pythonProject\pythonProject1\nhdz_alarm\main.py", line 210, in check_password
    pwd = simpledialog.askstring('验证','请输入操作密码：', show='*', parent=_root)
          ^^^^^^^^^^^^^^^^^^^^^^^^^^^^^^^^^^^^^^^^^^^^^^^^^^^^^^^^^^^^^^^
  File "C:\Python311\Lib\tkinter\simpledialog.py", line 411, in askstring
    d = _QueryString(title, prompt, **kw)
        ^^^^^^^^^^^^^^^^^^^^^^^^^^^^^^^^^
  File "C:\Python311\Lib\tkinter\simpledialog.py", line 388, in __init__
    _QueryDialog.__init__(self, *args, **kw)
  File "C:\Python311\Lib\tkinter\simpledialog.py", line 283, in __init__
    Dialog.__init__(self, parent, title)
  File "C:\Python311\Lib\tkinter\simpledialog.py", line 143, in __init__
    self.wait_visibility()
  File "C:\Python311\Lib\tkinter\__init__.py", line 752, in wait_visibility
    self.tk.call('tkwait', 'visibility', window._w)
_tkinter.TclError: window ".!_querystring2" was deleted before its visibility changed
2025-07-25 23:17:27,850 [INFO] 心跳已发送，200 OK
2025-07-25 23:17:42,898 [INFO] 心跳已发送，200 OK
2025-07-25 23:17:57,969 [INFO] 心跳已发送，200 OK
2025-07-25 23:18:13,029 [INFO] 心跳已发送，200 OK
2025-07-25 23:18:28,107 [INFO] 心跳已发送，200 OK
2025-07-25 23:18:43,159 [INFO] 心跳已发送，200 OK
2025-07-25 23:18:58,219 [INFO] 心跳已发送，200 OK
2025-07-25 23:19:13,291 [INFO] 心跳已发送，200 OK
2025-07-25 23:19:28,361 [INFO] 心跳已发送，200 OK
2025-07-25 23:19:43,422 [INFO] 心跳已发送，200 OK
2025-07-25 23:19:54,941 [INFO] 通过 WMI 获取 CPU 序列：BFEBFBFF000906EA
2025-07-25 23:19:55,027 [INFO] 授权通过
2025-07-25 23:19:55,027 [INFO] 已设置 CLIENT_ID = bda62d4394c34b0c8d3537c87ab3621e
2025-07-25 23:19:55,079 [INFO] 心跳已发送，200 OK
2025-07-25 23:19:55,080 [INFO] 心跳间隔已设置为 15 秒
2025-07-25 23:20:01,757 [ERROR] An error occurred when calling message handler
Traceback (most recent call last):
  File "D:\pythonProject\pythonProject1\nhdz_alarm\venv\Lib\site-packages\pystray\_win32.py", line 412, in _dispatcher
    return int(icon._message_handlers.get(
               ^^^^^^^^^^^^^^^^^^^^^^^^^^^
  File "D:\pythonProject\pythonProject1\nhdz_alarm\venv\Lib\site-packages\pystray\_win32.py", line 224, in _on_notify
    descriptors[index - 1](self)
  File "D:\pythonProject\pythonProject1\nhdz_alarm\venv\Lib\site-packages\pystray\_base.py", line 328, in inner
    callback(self)
  File "D:\pythonProject\pythonProject1\nhdz_alarm\venv\Lib\site-packages\pystray\_base.py", line 453, in __call__
    return self._action(icon, self)
           ^^^^^^^^^^^^^^^^^^^^^^^^
  File "D:\pythonProject\pythonProject1\nhdz_alarm\main.py", line 285, in modify_server
    if PSW and not check_password(): return
                   ^^^^^^^^^^^^^^^^
  File "D:\pythonProject\pythonProject1\nhdz_alarm\main.py", line 207, in check_password
    pwd = simpledialog.askstring('验证','请输入操作密码：', show='*', parent=_root)
          ^^^^^^^^^^^^^^^^^^^^^^^^^^^^^^^^^^^^^^^^^^^^^^^^^^^^^^^^^^^^^^^
  File "C:\Python311\Lib\tkinter\simpledialog.py", line 411, in askstring
    d = _QueryString(title, prompt, **kw)
        ^^^^^^^^^^^^^^^^^^^^^^^^^^^^^^^^^
  File "C:\Python311\Lib\tkinter\simpledialog.py", line 388, in __init__
    _QueryDialog.__init__(self, *args, **kw)
  File "C:\Python311\Lib\tkinter\simpledialog.py", line 283, in __init__
    Dialog.__init__(self, parent, title)
  File "C:\Python311\Lib\tkinter\simpledialog.py", line 143, in __init__
    self.wait_visibility()
  File "C:\Python311\Lib\tkinter\__init__.py", line 752, in wait_visibility
    self.tk.call('tkwait', 'visibility', window._w)
_tkinter.TclError: window ".!_querystring" was deleted before its visibility changed
2025-07-25 23:20:10,153 [INFO] 心跳已发送，200 OK
2025-07-25 23:20:25,205 [INFO] 心跳已发送，200 OK
2025-07-25 23:20:40,257 [INFO] 心跳已发送，200 OK
2025-07-25 23:20:55,339 [INFO] 心跳已发送，200 OK
2025-07-25 23:21:10,419 [INFO] 心跳已发送，200 OK
2025-07-25 23:21:25,496 [INFO] 心跳已发送，200 OK
2025-07-25 23:21:40,561 [INFO] 心跳已发送，200 OK
2025-07-25 23:21:55,630 [INFO] 心跳已发送，200 OK
2025-07-25 23:22:10,703 [INFO] 心跳已发送，200 OK
2025-07-25 23:22:19,379 [INFO] 通过 WMI 获取 CPU 序列：BFEBFBFF000906EA
2025-07-25 23:22:19,454 [INFO] 授权通过
2025-07-25 23:22:19,455 [INFO] 已设置 CLIENT_ID = bda62d4394c34b0c8d3537c87ab3621e
2025-07-25 23:22:19,519 [INFO] 心跳已发送，200 OK
2025-07-25 23:22:19,519 [INFO] 心跳间隔已设置为 15 秒
2025-07-25 23:22:34,597 [INFO] 心跳已发送，200 OK
2025-07-25 23:22:36,658 [ERROR] An error occurred when calling message handler
Traceback (most recent call last):
  File "D:\pythonProject\pythonProject1\nhdz_alarm\venv\Lib\site-packages\pystray\_win32.py", line 412, in _dispatcher
    return int(icon._message_handlers.get(
               ^^^^^^^^^^^^^^^^^^^^^^^^^^^
  File "D:\pythonProject\pythonProject1\nhdz_alarm\venv\Lib\site-packages\pystray\_win32.py", line 224, in _on_notify
    descriptors[index - 1](self)
  File "D:\pythonProject\pythonProject1\nhdz_alarm\venv\Lib\site-packages\pystray\_base.py", line 328, in inner
    callback(self)
  File "D:\pythonProject\pythonProject1\nhdz_alarm\venv\Lib\site-packages\pystray\_base.py", line 453, in __call__
    return self._action(icon, self)
           ^^^^^^^^^^^^^^^^^^^^^^^^
  File "D:\pythonProject\pythonProject1\nhdz_alarm\main.py", line 287, in modify_server
    if PSW and not check_password(): return
                   ^^^^^^^^^^^^^^^^
  File "D:\pythonProject\pythonProject1\nhdz_alarm\main.py", line 209, in check_password
    pwd = simpledialog.askstring('验证', '请输入操作密码：', show='*', parent=_root)
          ^^^^^^^^^^^^^^^^^^^^^^^^^^^^^^^^^^^^^^^^^^^^^^^^^^^^^^^^^^^^^^^^
  File "C:\Python311\Lib\tkinter\simpledialog.py", line 411, in askstring
    d = _QueryString(title, prompt, **kw)
        ^^^^^^^^^^^^^^^^^^^^^^^^^^^^^^^^^
  File "C:\Python311\Lib\tkinter\simpledialog.py", line 388, in __init__
    _QueryDialog.__init__(self, *args, **kw)
  File "C:\Python311\Lib\tkinter\simpledialog.py", line 283, in __init__
    Dialog.__init__(self, parent, title)
  File "C:\Python311\Lib\tkinter\simpledialog.py", line 143, in __init__
    self.wait_visibility()
  File "C:\Python311\Lib\tkinter\__init__.py", line 752, in wait_visibility
    self.tk.call('tkwait', 'visibility', window._w)
_tkinter.TclError: window ".!_querystring" was deleted before its visibility changed
2025-07-25 23:22:49,651 [INFO] 心跳已发送，200 OK
2025-07-25 23:23:04,714 [INFO] 心跳已发送，200 OK
2025-07-25 23:23:19,784 [INFO] 心跳已发送，200 OK
2025-07-25 23:23:34,855 [INFO] 心跳已发送，200 OK
2025-07-25 23:23:49,933 [INFO] 心跳已发送，200 OK
2025-07-25 23:23:58,391 [INFO] 通过 WMI 获取 CPU 序列：BFEBFBFF000906EA
2025-07-25 23:23:58,470 [INFO] 授权通过
2025-07-25 23:23:58,470 [INFO] 已设置 CLIENT_ID = bda62d4394c34b0c8d3537c87ab3621e
2025-07-25 23:23:58,532 [INFO] 心跳已发送，200 OK
2025-07-25 23:23:58,532 [INFO] 心跳间隔已设置为 15 秒
2025-07-25 23:24:13,602 [INFO] 心跳已发送，200 OK
2025-07-25 23:24:14,100 [ERROR] An error occurred when calling message handler
Traceback (most recent call last):
  File "D:\pythonProject\pythonProject1\nhdz_alarm\venv\Lib\site-packages\pystray\_win32.py", line 412, in _dispatcher
    return int(icon._message_handlers.get(
               ^^^^^^^^^^^^^^^^^^^^^^^^^^^
  File "D:\pythonProject\pythonProject1\nhdz_alarm\venv\Lib\site-packages\pystray\_win32.py", line 224, in _on_notify
    descriptors[index - 1](self)
  File "D:\pythonProject\pythonProject1\nhdz_alarm\venv\Lib\site-packages\pystray\_base.py", line 328, in inner
    callback(self)
  File "D:\pythonProject\pythonProject1\nhdz_alarm\venv\Lib\site-packages\pystray\_base.py", line 453, in __call__
    return self._action(icon, self)
           ^^^^^^^^^^^^^^^^^^^^^^^^
  File "D:\pythonProject\pythonProject1\nhdz_alarm\main.py", line 287, in modify_server
    if PSW and not check_password(): return
                   ^^^^^^^^^^^^^^^^
  File "D:\pythonProject\pythonProject1\nhdz_alarm\main.py", line 209, in check_password
    pwd = simpledialog.askstring('验证', '请输入操作密码：', show='*', parent=_root)
          ^^^^^^^^^^^^^^^^^^^^^^^^^^^^^^^^^^^^^^^^^^^^^^^^^^^^^^^^^^^^^^^^
  File "C:\Python311\Lib\tkinter\simpledialog.py", line 411, in askstring
    d = _QueryString(title, prompt, **kw)
        ^^^^^^^^^^^^^^^^^^^^^^^^^^^^^^^^^
  File "C:\Python311\Lib\tkinter\simpledialog.py", line 388, in __init__
    _QueryDialog.__init__(self, *args, **kw)
  File "C:\Python311\Lib\tkinter\simpledialog.py", line 283, in __init__
    Dialog.__init__(self, parent, title)
  File "C:\Python311\Lib\tkinter\simpledialog.py", line 143, in __init__
    self.wait_visibility()
  File "C:\Python311\Lib\tkinter\__init__.py", line 752, in wait_visibility
    self.tk.call('tkwait', 'visibility', window._w)
_tkinter.TclError: window ".!_querystring" was deleted before its visibility changed
2025-07-25 23:24:28,652 [INFO] 心跳已发送，200 OK
2025-07-25 23:24:43,721 [INFO] 心跳已发送，200 OK
2025-07-25 23:24:58,809 [INFO] 心跳已发送，200 OK
2025-07-25 23:25:13,885 [INFO] 心跳已发送，200 OK
2025-07-25 23:25:28,935 [INFO] 心跳已发送，200 OK
2025-07-25 23:25:43,992 [INFO] 心跳已发送，200 OK
2025-07-25 23:25:59,042 [INFO] 心跳已发送，200 OK
2025-07-25 23:26:15,413 [INFO] 通过 WMI 获取 CPU 序列：BFEBFBFF000906EA
2025-07-25 23:26:15,491 [INFO] 授权通过
2025-07-25 23:26:15,491 [INFO] 已设置 CLIENT_ID = bda62d4394c34b0c8d3537c87ab3621e
2025-07-25 23:26:15,560 [INFO] 心跳已发送，200 OK
2025-07-25 23:26:15,562 [INFO] 心跳间隔已设置为 15 秒
2025-07-25 23:26:30,642 [INFO] 心跳已发送，200 OK
2025-07-25 23:26:37,931 [INFO] 已更新服务器地址为：http://localhost:38519
2025-07-25 23:26:45,711 [INFO] 心跳已发送，200 OK
2025-07-25 23:28:04,794 [INFO] 通过 WMI 获取 CPU 序列：BFEBFBFF000906EA
2025-07-25 23:28:04,875 [INFO] 授权通过
2025-07-25 23:28:04,875 [INFO] 已设置 CLIENT_ID = bda62d4394c34b0c8d3537c87ab3621e
2025-07-25 23:28:04,927 [INFO] 心跳已发送，200 OK
2025-07-25 23:28:04,927 [INFO] 心跳间隔已设置为 15 秒
2025-07-25 23:28:12,533 [INFO] 退出程序
2025-07-25 23:50:36,117 [INFO] 通过 WMI 获取 CPU 序列：BFEBFBFF000906EA
2025-07-25 23:50:36,202 [INFO] 授权通过
2025-07-25 23:50:36,202 [INFO] 已设置 CLIENT_ID = bda62d4394c34b0c8d3537c87ab3621e
2025-07-25 23:50:36,262 [INFO] 心跳已发送，200 OK
2025-07-25 23:50:36,263 [INFO] 心跳间隔已设置为 15 秒
2025-07-25 23:50:46,818 [INFO] 退出程序
2025-07-25 23:56:52,562 [INFO] 通过 WMI 获取 CPU 序列：BFEBFBFF000906EA
2025-07-25 23:56:52,647 [INFO] 授权通过
2025-07-25 23:56:52,647 [INFO] 已设置 CLIENT_ID = bda62d4394c34b0c8d3537c87ab3621e
2025-07-25 23:56:52,706 [INFO] 心跳已发送，200 OK
2025-07-25 23:56:52,707 [INFO] 心跳间隔已设置为 15 秒
2025-07-25 23:57:07,757 [INFO] 心跳已发送，200 OK
2025-07-25 23:57:14,263 [INFO] 退出程序
2025-07-26 00:04:50,134 [INFO] 通过 WMI 获取 CPU 序列：BFEBFBFF000906EA
2025-07-26 00:04:50,220 [INFO] 授权通过
2025-07-26 00:04:50,220 [INFO] 已设置 CLIENT_ID = bda62d4394c34b0c8d3537c87ab3621e
2025-07-26 00:04:50,271 [INFO] 心跳已发送，200 OK
2025-07-26 00:04:50,271 [INFO] 心跳间隔已设置为 15 秒
2025-07-26 00:05:05,342 [INFO] 心跳已发送，200 OK
2025-07-26 00:05:10,936 [INFO] 退出程序
2025-07-26 00:13:05,797 [INFO] 通过 WMI 获取 CPU 序列：BFEBFBFF000906EA
2025-07-26 00:13:05,882 [INFO] 授权通过
2025-07-26 00:13:05,883 [INFO] 已设置 CLIENT_ID = bda62d4394c34b0c8d3537c87ab3621e
2025-07-26 00:13:05,944 [INFO] 心跳已发送，200 OK (2025-07-26 00:13:05)
2025-07-26 00:13:05,944 [INFO] 心跳已发送，200 OK (2025-07-26 00:13:05)
2025-07-26 00:13:05,944 [INFO] 心跳间隔已设置为 15 秒
2025-07-26 00:13:21,010 [INFO] 心跳已发送，200 OK (2025-07-26 00:13:21)
2025-07-26 00:13:21,011 [INFO] 心跳已发送，200 OK (2025-07-26 00:13:21)
2025-07-26 00:13:36,079 [INFO] 心跳已发送，200 OK (2025-07-26 00:13:36)
2025-07-26 00:13:36,080 [INFO] 心跳已发送，200 OK (2025-07-26 00:13:36)
2025-07-26 00:13:51,160 [INFO] 心跳已发送，200 OK (2025-07-26 00:13:51)
2025-07-26 00:13:51,161 [INFO] 心跳已发送，200 OK (2025-07-26 00:13:51)
2025-07-26 00:14:03,914 [INFO] 退出程序
2025-07-26 00:18:47,491 [INFO] 通过 WMI 获取 CPU 序列：BFEBFBFF000906EA
2025-07-26 00:18:47,574 [INFO] 授权通过
2025-07-26 00:18:47,574 [INFO] 已设置 CLIENT_ID = bda62d4394c34b0c8d3537c87ab3621e
2025-07-26 00:18:47,639 [INFO] 心跳已发送，200 OK (2025-07-26 00:18:47)
2025-07-26 00:18:47,639 [INFO] 心跳已发送，200 OK (2025-07-26 00:18:47)
2025-07-26 00:18:47,639 [INFO] 心跳间隔已设置为 15 秒
2025-07-26 00:18:55,855 [INFO] 已更新服务器地址为：http://localhost:38519
2025-07-26 00:19:02,715 [INFO] 心跳已发送，200 OK (2025-07-26 00:19:02)
2025-07-26 00:19:02,715 [INFO] 心跳已发送，200 OK (2025-07-26 00:19:02)
2025-07-26 00:19:17,788 [INFO] 心跳已发送，200 OK (2025-07-26 00:19:17)
2025-07-26 00:19:17,788 [INFO] 心跳已发送，200 OK (2025-07-26 00:19:17)
2025-07-26 00:19:32,839 [INFO] 心跳已发送，200 OK (2025-07-26 00:19:32)
2025-07-26 00:19:32,839 [INFO] 心跳已发送，200 OK (2025-07-26 00:19:32)
2025-07-26 00:19:41,126 [INFO] 退出程序
